#
# An unexpected error has occurred (11)
#
Stack:
/lib/x86_64-linux-gnu/libc.so.6(+0x42520) [0x7fb63fa42520]
/home/jianq/Vivado/Vivado/2019.1/lib/lnx64.o/librdi_synth.so(UConst::isFixed(int*) const+0) [0x7fb5ff764040]
/home/jianq/Vivado/Vivado/2019.1/lib/lnx64.o/librdi_synth.so(HARTHOptPrepDsp::normalizeDspOperIn(DFNode*)+0x1ad) [0x7fb5fe0cf62d]
/home/jianq/Vivado/Vivado/2019.1/lib/lnx64.o/librdi_synth.so(DFPin::travelTopDownIter(DFGraphTraverseFuncVoid&, UFlags<Option>, UHashList<DFEdge*, DFEdge*, UEKey<DFEdge*>, UHashListNode<DFEdge*>, DFEdge*>*, DFGraph*)+0x6ec) [0x7fb5ff306fcc]
/home/jianq/Vivado/Vivado/2019.1/lib/lnx64.o/librdi_synth.so(DFGraph::traverseTopDown(DFGraphTraverseFuncVoid&, UFlags<Option>, UHashList<DFEdge*, DFEdge*, UEKey<DFEdge*>, UHashListNode<DFEdge*>, DFEdge*>*, DFGraph*)+0xbe) [0x7fb5ff2eb4de]
/home/jianq/Vivado/Vivado/2019.1/lib/lnx64.o/librdi_synth.so(DFGraph::traverseTopDown(void (*)(DFNode*), UFlags<Option>, UHashList<DFEdge*, DFEdge*, UEKey<DFEdge*>, UHashListNode<DFEdge*>, DFEdge*>*, DFGraph*)+0x20) [0x7fb5ff2eb600]
/home/jianq/Vivado/Vivado/2019.1/lib/lnx64.o/librdi_synth.so(HARTHOptPost::topDownPass(void (*)(DFNode*), std::__cxx11::basic_string<char, std::char_traits<char>, std::allocator<char> >, bool)+0x1e) [0x7fb5fe0a599e]
/home/jianq/Vivado/Vivado/2019.1/lib/lnx64.o/librdi_synth.so(HARTHOptPost::prepDsps()+0xc16) [0x7fb5fe0a6ad6]
/home/jianq/Vivado/Vivado/2019.1/lib/lnx64.o/librdi_synth.so(HARTHOptPost::optimize()+0x125e) [0x7fb5fe0a9a1e]
/home/jianq/Vivado/Vivado/2019.1/lib/lnx64.o/librdi_synth.so(HARTHOptDfg::optCallbackPost(DFGraph*)+0x1f) [0x7fb5fe7139cf]
/home/jianq/Vivado/Vivado/2019.1/lib/lnx64.o/librdi_synth.so(HARTNDb::HARTReSynthReInfer(HOptRestructDfg&, NRealModC*, HARTNDb::MergePhase)+0x1c4) [0x7fb5fe1bb214]
/home/jianq/Vivado/Vivado/2019.1/lib/lnx64.o/librdi_synth.so(HARTNDb::HARTMergeResynPartitionsR(NRealMod, HARTNDb::MergePhase, bool)+0x2206) [0x7fb5fe1e3c16]
/home/jianq/Vivado/Vivado/2019.1/lib/lnx64.o/librdi_synth.so(HARTNDb::HARTMergeResynPartitions(NRealMod, HARTNDb::MergePhase, bool)+0x1f8) [0x7fb5fe1e4e68]
/home/jianq/Vivado/Vivado/2019.1/lib/lnx64.o/librdi_synth.so(HARTNDb::reSynthReInfer(bool)+0xb1) [0x7fb5fe1e4fd1]
/home/jianq/Vivado/Vivado/2019.1/lib/lnx64.o/librdi_synth.so(+0xde19c3) [0x7fb5fe3e19c3]
/home/jianq/Vivado/Vivado/2019.1/lib/lnx64.o/librdi_synth.so(+0xcaf7fd) [0x7fb5fe2af7fd]
/home/jianq/Vivado/Vivado/2019.1/lib/lnx64.o/libtcl8.5.so(+0x334af) [0x7fb639c334af]
/home/jianq/Vivado/Vivado/2019.1/lib/lnx64.o/libtcl8.5.so(+0x34b38) [0x7fb639c34b38]
/home/jianq/Vivado/Vivado/2019.1/lib/lnx64.o/libtcl8.5.so(Tcl_EvalEx+0x13) [0x7fb639c350a3]
/home/jianq/Vivado/Vivado/2019.1/lib/lnx64.o/libtcl8.5.so(TclEvalObjEx+0x1e0) [0x7fb639c352c0]
/home/jianq/Vivado/Vivado/2019.1/lib/lnx64.o/libtcl8.5.so(+0x3b375) [0x7fb639c3b375]
/home/jianq/Vivado/Vivado/2019.1/lib/lnx64.o/libtcl8.5.so(+0x334af) [0x7fb639c334af]
/home/jianq/Vivado/Vivado/2019.1/lib/lnx64.o/libtcl8.5.so(+0x76875) [0x7fb639c76875]
/home/jianq/Vivado/Vivado/2019.1/lib/lnx64.o/libtcl8.5.so(+0x7e029) [0x7fb639c7e029]
/home/jianq/Vivado/Vivado/2019.1/lib/lnx64.o/libtcl8.5.so(TclEvalObjEx+0x76) [0x7fb639c35156]
/home/jianq/Vivado/Vivado/2019.1/lib/lnx64.o/librdi_commontasks.so(+0x1ebc27) [0x7fb633bebc27]
/home/jianq/Vivado/Vivado/2019.1/lib/lnx64.o/libtcl8.5.so(+0x334af) [0x7fb639c334af]
/home/jianq/Vivado/Vivado/2019.1/lib/lnx64.o/libtcl8.5.so(+0x76875) [0x7fb639c76875]
/home/jianq/Vivado/Vivado/2019.1/lib/lnx64.o/libtcl8.5.so(TclObjInterpProcCore+0x420) [0x7fb639cb7df0]
/home/jianq/Vivado/Vivado/2019.1/lib/lnx64.o/libtcl8.5.so(+0x334af) [0x7fb639c334af]
/home/jianq/Vivado/Vivado/2019.1/lib/lnx64.o/libtcl8.5.so(+0x76875) [0x7fb639c76875]
/home/jianq/Vivado/Vivado/2019.1/lib/lnx64.o/libtcl8.5.so(+0x7e029) [0x7fb639c7e029]
/home/jianq/Vivado/Vivado/2019.1/lib/lnx64.o/libtcl8.5.so(TclEvalObjEx+0x76) [0x7fb639c35156]
/home/jianq/Vivado/Vivado/2019.1/lib/lnx64.o/libtcl8.5.so(+0x3e754) [0x7fb639c3e754]
/home/jianq/Vivado/Vivado/2019.1/lib/lnx64.o/libtcl8.5.so(+0x334af) [0x7fb639c334af]
/home/jianq/Vivado/Vivado/2019.1/lib/lnx64.o/libtcl8.5.so(+0x76875) [0x7fb639c76875]
/home/jianq/Vivado/Vivado/2019.1/lib/lnx64.o/libtcl8.5.so(+0x7e029) [0x7fb639c7e029]
/home/jianq/Vivado/Vivado/2019.1/lib/lnx64.o/libtcl8.5.so(TclEvalObjEx+0x76) [0x7fb639c35156]
/home/jianq/Vivado/Vivado/2019.1/lib/lnx64.o/libtcl8.5.so(+0x3e754) [0x7fb639c3e754]
/home/jianq/Vivado/Vivado/2019.1/lib/lnx64.o/libtcl8.5.so(+0x334af) [0x7fb639c334af]
/home/jianq/Vivado/Vivado/2019.1/lib/lnx64.o/libtcl8.5.so(+0x76875) [0x7fb639c76875]
/home/jianq/Vivado/Vivado/2019.1/lib/lnx64.o/libtcl8.5.so(TclObjInterpProcCore+0x420) [0x7fb639cb7df0]
/home/jianq/Vivado/Vivado/2019.1/lib/lnx64.o/libtcl8.5.so(+0x334af) [0x7fb639c334af]
/home/jianq/Vivado/Vivado/2019.1/lib/lnx64.o/libtcl8.5.so(+0x76875) [0x7fb639c76875]
/home/jianq/Vivado/Vivado/2019.1/lib/lnx64.o/libtcl8.5.so(+0x7e029) [0x7fb639c7e029]
/home/jianq/Vivado/Vivado/2019.1/lib/lnx64.o/libtcl8.5.so(TclEvalObjEx+0x76) [0x7fb639c35156]
/home/jianq/Vivado/Vivado/2019.1/lib/lnx64.o/libtcl8.5.so(+0x3e754) [0x7fb639c3e754]
/home/jianq/Vivado/Vivado/2019.1/lib/lnx64.o/libtcl8.5.so(+0x334af) [0x7fb639c334af]
/home/jianq/Vivado/Vivado/2019.1/lib/lnx64.o/libtcl8.5.so(+0x76875) [0x7fb639c76875]
/home/jianq/Vivado/Vivado/2019.1/lib/lnx64.o/libtcl8.5.so(TclObjInterpProcCore+0x420) [0x7fb639cb7df0]
/home/jianq/Vivado/Vivado/2019.1/lib/lnx64.o/libtcl8.5.so(+0x334af) [0x7fb639c334af]
/home/jianq/Vivado/Vivado/2019.1/lib/lnx64.o/libtcl8.5.so(+0x76875) [0x7fb639c76875]
/home/jianq/Vivado/Vivado/2019.1/lib/lnx64.o/libtcl8.5.so(+0x7e029) [0x7fb639c7e029]
/home/jianq/Vivado/Vivado/2019.1/lib/lnx64.o/libtcl8.5.so(TclEvalObjEx+0x76) [0x7fb639c35156]
/home/jianq/Vivado/Vivado/2019.1/lib/lnx64.o/librdi_common.so(hdi::tcltasks::task_manager::eval_in_tcl(Tcl_Interp*, Tcl_Obj*, char const*, bool)+0xab9) [0x7fb641208719]
/home/jianq/Vivado/Vivado/2019.1/lib/lnx64.o/librdi_common.so(hdi::tcltasks::task_manager::eval_in_tcl(Tcl_Interp*, char const*, char const*, bool)+0x12a) [0x7fb64120911a]
/home/jianq/Vivado/Vivado/2019.1/lib/lnx64.o/librdi_synth.so(HARTNDb::processGenomesSequentially(bool, char const*, char const*)+0x50) [0x7fb5fe239580]
/home/jianq/Vivado/Vivado/2019.1/lib/lnx64.o/librdi_synth.so(+0xdc17c8) [0x7fb5fe3c17c8]
/home/jianq/Vivado/Vivado/2019.1/lib/lnx64.o/librdi_synth.so(+0xcaf7fd) [0x7fb5fe2af7fd]
/home/jianq/Vivado/Vivado/2019.1/lib/lnx64.o/libtcl8.5.so(+0x334af) [0x7fb639c334af]
/home/jianq/Vivado/Vivado/2019.1/lib/lnx64.o/libtcl8.5.so(+0x34b38) [0x7fb639c34b38]
/home/jianq/Vivado/Vivado/2019.1/lib/lnx64.o/libtcl8.5.so(Tcl_EvalEx+0x13) [0x7fb639c350a3]
/home/jianq/Vivado/Vivado/2019.1/lib/lnx64.o/libtcl8.5.so(TclEvalObjEx+0x1e0) [0x7fb639c352c0]
/home/jianq/Vivado/Vivado/2019.1/lib/lnx64.o/libtcl8.5.so(+0x3b375) [0x7fb639c3b375]
/home/jianq/Vivado/Vivado/2019.1/lib/lnx64.o/libtcl8.5.so(+0x334af) [0x7fb639c334af]
/home/jianq/Vivado/Vivado/2019.1/lib/lnx64.o/libtcl8.5.so(+0x76875) [0x7fb639c76875]
/home/jianq/Vivado/Vivado/2019.1/lib/lnx64.o/libtcl8.5.so(+0x7e029) [0x7fb639c7e029]
/home/jianq/Vivado/Vivado/2019.1/lib/lnx64.o/libtcl8.5.so(TclEvalObjEx+0x76) [0x7fb639c35156]
/home/jianq/Vivado/Vivado/2019.1/lib/lnx64.o/librdi_commontasks.so(+0x1ebc27) [0x7fb633bebc27]
/home/jianq/Vivado/Vivado/2019.1/lib/lnx64.o/libtcl8.5.so(+0x334af) [0x7fb639c334af]
/home/jianq/Vivado/Vivado/2019.1/lib/lnx64.o/libtcl8.5.so(+0x76875) [0x7fb639c76875]
/home/jianq/Vivado/Vivado/2019.1/lib/lnx64.o/libtcl8.5.so(TclObjInterpProcCore+0x420) [0x7fb639cb7df0]
/home/jianq/Vivado/Vivado/2019.1/lib/lnx64.o/libtcl8.5.so(+0x334af) [0x7fb639c334af]
/home/jianq/Vivado/Vivado/2019.1/lib/lnx64.o/libtcl8.5.so(+0x76875) [0x7fb639c76875]
/home/jianq/Vivado/Vivado/2019.1/lib/lnx64.o/libtcl8.5.so(+0x7e029) [0x7fb639c7e029]
/home/jianq/Vivado/Vivado/2019.1/lib/lnx64.o/libtcl8.5.so(TclEvalObjEx+0x76) [0x7fb639c35156]
/home/jianq/Vivado/Vivado/2019.1/lib/lnx64.o/libtcl8.5.so(+0x3e754) [0x7fb639c3e754]
/home/jianq/Vivado/Vivado/2019.1/lib/lnx64.o/libtcl8.5.so(+0x334af) [0x7fb639c334af]
/home/jianq/Vivado/Vivado/2019.1/lib/lnx64.o/libtcl8.5.so(+0x76875) [0x7fb639c76875]
/home/jianq/Vivado/Vivado/2019.1/lib/lnx64.o/libtcl8.5.so(TclObjInterpProcCore+0x420) [0x7fb639cb7df0]
/home/jianq/Vivado/Vivado/2019.1/lib/lnx64.o/libtcl8.5.so(+0x334af) [0x7fb639c334af]
/home/jianq/Vivado/Vivado/2019.1/lib/lnx64.o/libtcl8.5.so(+0x76875) [0x7fb639c76875]
/home/jianq/Vivado/Vivado/2019.1/lib/lnx64.o/libtcl8.5.so(+0x7e029) [0x7fb639c7e029]
/home/jianq/Vivado/Vivado/2019.1/lib/lnx64.o/libtcl8.5.so(TclEvalObjEx+0x76) [0x7fb639c35156]
/home/jianq/Vivado/Vivado/2019.1/lib/lnx64.o/libtcl8.5.so(+0x3e754) [0x7fb639c3e754]
/home/jianq/Vivado/Vivado/2019.1/lib/lnx64.o/libtcl8.5.so(+0x334af) [0x7fb639c334af]
/home/jianq/Vivado/Vivado/2019.1/lib/lnx64.o/libtcl8.5.so(+0x76875) [0x7fb639c76875]
/home/jianq/Vivado/Vivado/2019.1/lib/lnx64.o/libtcl8.5.so(+0x7e029) [0x7fb639c7e029]
/home/jianq/Vivado/Vivado/2019.1/lib/lnx64.o/libtcl8.5.so(TclEvalObjEx+0x76) [0x7fb639c35156]
/home/jianq/Vivado/Vivado/2019.1/lib/lnx64.o/librdi_commontasks.so(+0x1ebc27) [0x7fb633bebc27]
/home/jianq/Vivado/Vivado/2019.1/lib/lnx64.o/libtcl8.5.so(+0x334af) [0x7fb639c334af]
/home/jianq/Vivado/Vivado/2019.1/lib/lnx64.o/libtcl8.5.so(+0x76875) [0x7fb639c76875]
/home/jianq/Vivado/Vivado/2019.1/lib/lnx64.o/libtcl8.5.so(Tcl_ExprObj+0xf8) [0x7fb639c7dc08]
/home/jianq/Vivado/Vivado/2019.1/lib/lnx64.o/libtcl8.5.so(Tcl_ExprBooleanObj+0x16) [0x7fb639c33e96]
/home/jianq/Vivado/Vivado/2019.1/lib/lnx64.o/libtcl8.5.so(+0x3e6de) [0x7fb639c3e6de]
/home/jianq/Vivado/Vivado/2019.1/lib/lnx64.o/libtcl8.5.so(+0x334af) [0x7fb639c334af]
/home/jianq/Vivado/Vivado/2019.1/lib/lnx64.o/libtcl8.5.so(+0x34b38) [0x7fb639c34b38]
/home/jianq/Vivado/Vivado/2019.1/lib/lnx64.o/libtcl8.5.so(Tcl_EvalEx+0x13) [0x7fb639c350a3]
/home/jianq/Vivado/Vivado/2019.1/lib/lnx64.o/libtcl8.5.so(Tcl_FSEvalFileEx+0x1da) [0x7fb639c99c5a]
/home/jianq/Vivado/Vivado/2019.1/lib/lnx64.o/librdi_commontasks.so(+0x208e5d) [0x7fb633c08e5d]
/home/jianq/Vivado/Vivado/2019.1/lib/lnx64.o/librdi_common.so(+0x8068e2) [0x7fb6412068e2]
/home/jianq/Vivado/Vivado/2019.1/lib/lnx64.o/libtcl8.5.so(+0x334af) [0x7fb639c334af]
/home/jianq/Vivado/Vivado/2019.1/lib/lnx64.o/libtcl8.5.so(+0x76875) [0x7fb639c76875]
/home/jianq/Vivado/Vivado/2019.1/lib/lnx64.o/libtcl8.5.so(+0x7e029) [0x7fb639c7e029]
/home/jianq/Vivado/Vivado/2019.1/lib/lnx64.o/libtcl8.5.so(TclEvalObjEx+0x76) [0x7fb639c35156]
/home/jianq/Vivado/Vivado/2019.1/lib/lnx64.o/libtcl8.5.so(+0xb7557) [0x7fb639cb7557]
/home/jianq/Vivado/Vivado/2019.1/lib/lnx64.o/libtcl8.5.so(+0x334af) [0x7fb639c334af]
/home/jianq/Vivado/Vivado/2019.1/lib/lnx64.o/libtcl8.5.so(+0x76875) [0x7fb639c76875]
/home/jianq/Vivado/Vivado/2019.1/lib/lnx64.o/libtcl8.5.so(+0x7e029) [0x7fb639c7e029]
/home/jianq/Vivado/Vivado/2019.1/lib/lnx64.o/libtcl8.5.so(TclEvalObjEx+0x76) [0x7fb639c35156]
/home/jianq/Vivado/Vivado/2019.1/lib/lnx64.o/librdi_commontasks.so(+0x1ebcc4) [0x7fb633bebcc4]
/home/jianq/Vivado/Vivado/2019.1/lib/lnx64.o/libtcl8.5.so(+0x334af) [0x7fb639c334af]
/home/jianq/Vivado/Vivado/2019.1/lib/lnx64.o/libtcl8.5.so(+0x34b38) [0x7fb639c34b38]
/home/jianq/Vivado/Vivado/2019.1/lib/lnx64.o/libtcl8.5.so(+0xad486) [0x7fb639cad486]
/home/jianq/Vivado/Vivado/2019.1/lib/lnx64.o/libtcl8.5.so(+0x346c5) [0x7fb639c346c5]
/home/jianq/Vivado/Vivado/2019.1/lib/lnx64.o/libtcl8.5.so(Tcl_EvalEx+0x13) [0x7fb639c350a3]
/home/jianq/Vivado/Vivado/2019.1/lib/lnx64.o/libtcl8.5.so(Tcl_FSEvalFileEx+0x1da) [0x7fb639c99c5a]
/home/jianq/Vivado/Vivado/2019.1/lib/lnx64.o/librdi_commontasks.so(+0x208e5d) [0x7fb633c08e5d]
/home/jianq/Vivado/Vivado/2019.1/lib/lnx64.o/librdi_common.so(+0x8068e2) [0x7fb6412068e2]
/home/jianq/Vivado/Vivado/2019.1/lib/lnx64.o/libtcl8.5.so(+0x334af) [0x7fb639c334af]
/home/jianq/Vivado/Vivado/2019.1/lib/lnx64.o/libtcl8.5.so(Tcl_EvalObjv+0x32) [0x7fb639c335e2]
/home/jianq/Vivado/Vivado/2019.1/lib/lnx64.o/libtcl8.5.so(TclEvalObjEx+0x322) [0x7fb639c35402]
/home/jianq/Vivado/Vivado/2019.1/lib/lnx64.o/librdi_common.so(hdi::tcltasks::task_manager::eval_in_tcl(Tcl_Interp*, Tcl_Obj*, char const*, bool)+0xab9) [0x7fb641208719]
/home/jianq/Vivado/Vivado/2019.1/lib/lnx64.o/librdi_designutils.so(HRTInvoker::inProcessLaunch(HDGUIStatus&)+0x457) [0x7fb626c08f07]
/home/jianq/Vivado/Vivado/2019.1/lib/lnx64.o/librdi_designutils.so(HRTInvoker::launch(HDGUIStatus&)+0x535) [0x7fb626c09bf5]
/home/jianq/Vivado/Vivado/2019.1/lib/lnx64.o/librdi_vivadotasks.so(+0x54c087) [0x7fb5f534c087]
/home/jianq/Vivado/Vivado/2019.1/lib/lnx64.o/librdi_vivadotasks.so(+0x557095) [0x7fb5f5357095]
/home/jianq/Vivado/Vivado/2019.1/lib/lnx64.o/librdi_common.so(+0x8068e2) [0x7fb6412068e2]
/home/jianq/Vivado/Vivado/2019.1/lib/lnx64.o/libtcl8.5.so(+0x334af) [0x7fb639c334af]
/home/jianq/Vivado/Vivado/2019.1/lib/lnx64.o/libtcl8.5.so(+0x34b38) [0x7fb639c34b38]
/home/jianq/Vivado/Vivado/2019.1/lib/lnx64.o/libtcl8.5.so(Tcl_EvalEx+0x13) [0x7fb639c350a3]
/home/jianq/Vivado/Vivado/2019.1/lib/lnx64.o/libtcl8.5.so(Tcl_FSEvalFileEx+0x1da) [0x7fb639c99c5a]
/home/jianq/Vivado/Vivado/2019.1/lib/lnx64.o/librdi_commontasks.so(+0x208e5d) [0x7fb633c08e5d]
/home/jianq/Vivado/Vivado/2019.1/lib/lnx64.o/librdi_common.so(+0x8068e2) [0x7fb6412068e2]
/home/jianq/Vivado/Vivado/2019.1/lib/lnx64.o/libtcl8.5.so(+0x334af) [0x7fb639c334af]
/home/jianq/Vivado/Vivado/2019.1/lib/lnx64.o/libtcl8.5.so(Tcl_EvalObjv+0x32) [0x7fb639c335e2]
/home/jianq/Vivado/Vivado/2019.1/lib/lnx64.o/libtcl8.5.so(TclEvalObjEx+0x322) [0x7fb639c35402]
/home/jianq/Vivado/Vivado/2019.1/lib/lnx64.o/librdi_commontasks.so(+0x23ab2f) [0x7fb633c3ab2f]
/home/jianq/Vivado/Vivado/2019.1/lib/lnx64.o/librdi_commontasks.so(+0x23c1fe) [0x7fb633c3c1fe]
/home/jianq/Vivado/Vivado/2019.1/lib/lnx64.o/librdi_common.so(+0x8068e2) [0x7fb6412068e2]
/home/jianq/Vivado/Vivado/2019.1/lib/lnx64.o/libtcl8.5.so(+0x334af) [0x7fb639c334af]
/home/jianq/Vivado/Vivado/2019.1/lib/lnx64.o/libtcl8.5.so(Tcl_EvalObjv+0x32) [0x7fb639c335e2]
/home/jianq/Vivado/Vivado/2019.1/lib/lnx64.o/libtcl8.5.so(TclEvalObjEx+0x322) [0x7fb639c35402]
/home/jianq/Vivado/Vivado/2019.1/lib/lnx64.o/librdi_commonmain.so(+0x7424) [0x7fb640607424]
/home/jianq/Vivado/Vivado/2019.1/lib/lnx64.o/libtcl8.5.so(Tcl_Main+0x1d0) [0x7fb639ca0210]
/home/jianq/Vivado/Vivado/2019.1/lib/lnx64.o/librdi_common.so(+0x84ac9b) [0x7fb64124ac9b]
/lib/x86_64-linux-gnu/libc.so.6(+0x94ac3) [0x7fb63fa94ac3]
/lib/x86_64-linux-gnu/libc.so.6(+0x126a40) [0x7fb63fb26a40]
