#
# An unexpected error has occurred (11)
#
Stack:
/lib/x86_64-linux-gnu/libc.so.6(+0x42520) [0x7fd882c42520]
/home/jianq/Vivado/Vivado/2019.1/lib/lnx64.o/librdi_synth.so(UConst::isFixed(int*) const+0) [0x7fd842964040]
/home/jianq/Vivado/Vivado/2019.1/lib/lnx64.o/librdi_synth.so(HARTHOptPrepDsp::normalizeDspOperIn(DFNode*)+0x1ad) [0x7fd8412cf62d]
/home/jianq/Vivado/Vivado/2019.1/lib/lnx64.o/librdi_synth.so(DFPin::travelTopDownIter(DFGraphTraverseFuncVoid&, UFlags<Option>, UHashList<DFEdge*, DFEdge*, UEKey<DFEdge*>, UHashListNode<DFEdge*>, DFEdge*>*, DFGraph*)+0x6ec) [0x7fd842506fcc]
/home/jianq/Vivado/Vivado/2019.1/lib/lnx64.o/librdi_synth.so(DFGraph::traverseTopDown(DFGraphTraverseFuncVoid&, UFlags<Option>, UHashList<DFEdge*, DFEdge*, UEKey<DFEdge*>, UHashListNode<DFEdge*>, DFEdge*>*, DFGraph*)+0xbe) [0x7fd8424eb4de]
/home/jianq/Vivado/Vivado/2019.1/lib/lnx64.o/librdi_synth.so(DFGraph::traverseTopDown(void (*)(DFNode*), UFlags<Option>, UHashList<DFEdge*, DFEdge*, UEKey<DFEdge*>, UHashListNode<DFEdge*>, DFEdge*>*, DFGraph*)+0x20) [0x7fd8424eb600]
/home/jianq/Vivado/Vivado/2019.1/lib/lnx64.o/librdi_synth.so(HARTHOptPost::topDownPass(void (*)(DFNode*), std::__cxx11::basic_string<char, std::char_traits<char>, std::allocator<char> >, bool)+0x1e) [0x7fd8412a599e]
/home/jianq/Vivado/Vivado/2019.1/lib/lnx64.o/librdi_synth.so(HARTHOptPost::prepDsps()+0xc16) [0x7fd8412a6ad6]
/home/jianq/Vivado/Vivado/2019.1/lib/lnx64.o/librdi_synth.so(HARTHOptPost::optimize()+0x125e) [0x7fd8412a9a1e]
/home/jianq/Vivado/Vivado/2019.1/lib/lnx64.o/librdi_synth.so(HARTHOptDfg::optCallbackPost(DFGraph*)+0x1f) [0x7fd8419139cf]
/home/jianq/Vivado/Vivado/2019.1/lib/lnx64.o/librdi_synth.so(HARTNDb::HARTReSynthReInfer(HOptRestructDfg&, NRealModC*, HARTNDb::MergePhase)+0x1c4) [0x7fd8413bb214]
/home/jianq/Vivado/Vivado/2019.1/lib/lnx64.o/librdi_synth.so(HARTNDb::HARTMergeResynPartitionsR(NRealMod, HARTNDb::MergePhase, bool)+0x2206) [0x7fd8413e3c16]
/home/jianq/Vivado/Vivado/2019.1/lib/lnx64.o/librdi_synth.so(HARTNDb::HARTMergeResynPartitions(NRealMod, HARTNDb::MergePhase, bool)+0x1f8) [0x7fd8413e4e68]
/home/jianq/Vivado/Vivado/2019.1/lib/lnx64.o/librdi_synth.so(HARTNDb::reSynthReInfer(bool)+0xb1) [0x7fd8413e4fd1]
/home/jianq/Vivado/Vivado/2019.1/lib/lnx64.o/librdi_synth.so(+0xde19c3) [0x7fd8415e19c3]
/home/jianq/Vivado/Vivado/2019.1/lib/lnx64.o/librdi_synth.so(+0xcaf7fd) [0x7fd8414af7fd]
/home/jianq/Vivado/Vivado/2019.1/lib/lnx64.o/libtcl8.5.so(+0x334af) [0x7fd87ce334af]
/home/jianq/Vivado/Vivado/2019.1/lib/lnx64.o/libtcl8.5.so(+0x34b38) [0x7fd87ce34b38]
/home/jianq/Vivado/Vivado/2019.1/lib/lnx64.o/libtcl8.5.so(Tcl_EvalEx+0x13) [0x7fd87ce350a3]
/home/jianq/Vivado/Vivado/2019.1/lib/lnx64.o/libtcl8.5.so(TclEvalObjEx+0x1e0) [0x7fd87ce352c0]
/home/jianq/Vivado/Vivado/2019.1/lib/lnx64.o/libtcl8.5.so(+0x3b375) [0x7fd87ce3b375]
/home/jianq/Vivado/Vivado/2019.1/lib/lnx64.o/libtcl8.5.so(+0x334af) [0x7fd87ce334af]
/home/jianq/Vivado/Vivado/2019.1/lib/lnx64.o/libtcl8.5.so(+0x76875) [0x7fd87ce76875]
/home/jianq/Vivado/Vivado/2019.1/lib/lnx64.o/libtcl8.5.so(+0x7e029) [0x7fd87ce7e029]
/home/jianq/Vivado/Vivado/2019.1/lib/lnx64.o/libtcl8.5.so(TclEvalObjEx+0x76) [0x7fd87ce35156]
/home/jianq/Vivado/Vivado/2019.1/lib/lnx64.o/librdi_commontasks.so(+0x1ebc27) [0x7fd876debc27]
/home/jianq/Vivado/Vivado/2019.1/lib/lnx64.o/libtcl8.5.so(+0x334af) [0x7fd87ce334af]
/home/jianq/Vivado/Vivado/2019.1/lib/lnx64.o/libtcl8.5.so(+0x76875) [0x7fd87ce76875]
/home/jianq/Vivado/Vivado/2019.1/lib/lnx64.o/libtcl8.5.so(TclObjInterpProcCore+0x420) [0x7fd87ceb7df0]
/home/jianq/Vivado/Vivado/2019.1/lib/lnx64.o/libtcl8.5.so(+0x334af) [0x7fd87ce334af]
/home/jianq/Vivado/Vivado/2019.1/lib/lnx64.o/libtcl8.5.so(+0x76875) [0x7fd87ce76875]
/home/jianq/Vivado/Vivado/2019.1/lib/lnx64.o/libtcl8.5.so(+0x7e029) [0x7fd87ce7e029]
/home/jianq/Vivado/Vivado/2019.1/lib/lnx64.o/libtcl8.5.so(TclEvalObjEx+0x76) [0x7fd87ce35156]
/home/jianq/Vivado/Vivado/2019.1/lib/lnx64.o/libtcl8.5.so(+0x3e754) [0x7fd87ce3e754]
/home/jianq/Vivado/Vivado/2019.1/lib/lnx64.o/libtcl8.5.so(+0x334af) [0x7fd87ce334af]
/home/jianq/Vivado/Vivado/2019.1/lib/lnx64.o/libtcl8.5.so(+0x76875) [0x7fd87ce76875]
/home/jianq/Vivado/Vivado/2019.1/lib/lnx64.o/libtcl8.5.so(+0x7e029) [0x7fd87ce7e029]
/home/jianq/Vivado/Vivado/2019.1/lib/lnx64.o/libtcl8.5.so(TclEvalObjEx+0x76) [0x7fd87ce35156]
/home/jianq/Vivado/Vivado/2019.1/lib/lnx64.o/libtcl8.5.so(+0x3e754) [0x7fd87ce3e754]
/home/jianq/Vivado/Vivado/2019.1/lib/lnx64.o/libtcl8.5.so(+0x334af) [0x7fd87ce334af]
/home/jianq/Vivado/Vivado/2019.1/lib/lnx64.o/libtcl8.5.so(+0x76875) [0x7fd87ce76875]
/home/jianq/Vivado/Vivado/2019.1/lib/lnx64.o/libtcl8.5.so(TclObjInterpProcCore+0x420) [0x7fd87ceb7df0]
/home/jianq/Vivado/Vivado/2019.1/lib/lnx64.o/libtcl8.5.so(+0x334af) [0x7fd87ce334af]
/home/jianq/Vivado/Vivado/2019.1/lib/lnx64.o/libtcl8.5.so(+0x76875) [0x7fd87ce76875]
/home/jianq/Vivado/Vivado/2019.1/lib/lnx64.o/libtcl8.5.so(+0x7e029) [0x7fd87ce7e029]
/home/jianq/Vivado/Vivado/2019.1/lib/lnx64.o/libtcl8.5.so(TclEvalObjEx+0x76) [0x7fd87ce35156]
/home/jianq/Vivado/Vivado/2019.1/lib/lnx64.o/libtcl8.5.so(+0x3e754) [0x7fd87ce3e754]
/home/jianq/Vivado/Vivado/2019.1/lib/lnx64.o/libtcl8.5.so(+0x334af) [0x7fd87ce334af]
/home/jianq/Vivado/Vivado/2019.1/lib/lnx64.o/libtcl8.5.so(+0x76875) [0x7fd87ce76875]
/home/jianq/Vivado/Vivado/2019.1/lib/lnx64.o/libtcl8.5.so(TclObjInterpProcCore+0x420) [0x7fd87ceb7df0]
/home/jianq/Vivado/Vivado/2019.1/lib/lnx64.o/libtcl8.5.so(+0x334af) [0x7fd87ce334af]
/home/jianq/Vivado/Vivado/2019.1/lib/lnx64.o/libtcl8.5.so(+0x76875) [0x7fd87ce76875]
/home/jianq/Vivado/Vivado/2019.1/lib/lnx64.o/libtcl8.5.so(+0x7e029) [0x7fd87ce7e029]
/home/jianq/Vivado/Vivado/2019.1/lib/lnx64.o/libtcl8.5.so(TclEvalObjEx+0x76) [0x7fd87ce35156]
/home/jianq/Vivado/Vivado/2019.1/lib/lnx64.o/librdi_common.so(hdi::tcltasks::task_manager::eval_in_tcl(Tcl_Interp*, Tcl_Obj*, char const*, bool)+0xab9) [0x7fd884408719]
/home/jianq/Vivado/Vivado/2019.1/lib/lnx64.o/librdi_common.so(hdi::tcltasks::task_manager::eval_in_tcl(Tcl_Interp*, char const*, char const*, bool)+0x12a) [0x7fd88440911a]
/home/jianq/Vivado/Vivado/2019.1/lib/lnx64.o/librdi_synth.so(HARTNDb::processGenomesSequentially(bool, char const*, char const*)+0x50) [0x7fd841439580]
/home/jianq/Vivado/Vivado/2019.1/lib/lnx64.o/librdi_synth.so(+0xdc17c8) [0x7fd8415c17c8]
/home/jianq/Vivado/Vivado/2019.1/lib/lnx64.o/librdi_synth.so(+0xcaf7fd) [0x7fd8414af7fd]
/home/jianq/Vivado/Vivado/2019.1/lib/lnx64.o/libtcl8.5.so(+0x334af) [0x7fd87ce334af]
/home/jianq/Vivado/Vivado/2019.1/lib/lnx64.o/libtcl8.5.so(+0x34b38) [0x7fd87ce34b38]
/home/jianq/Vivado/Vivado/2019.1/lib/lnx64.o/libtcl8.5.so(Tcl_EvalEx+0x13) [0x7fd87ce350a3]
/home/jianq/Vivado/Vivado/2019.1/lib/lnx64.o/libtcl8.5.so(TclEvalObjEx+0x1e0) [0x7fd87ce352c0]
/home/jianq/Vivado/Vivado/2019.1/lib/lnx64.o/libtcl8.5.so(+0x3b375) [0x7fd87ce3b375]
/home/jianq/Vivado/Vivado/2019.1/lib/lnx64.o/libtcl8.5.so(+0x334af) [0x7fd87ce334af]
/home/jianq/Vivado/Vivado/2019.1/lib/lnx64.o/libtcl8.5.so(+0x76875) [0x7fd87ce76875]
/home/jianq/Vivado/Vivado/2019.1/lib/lnx64.o/libtcl8.5.so(+0x7e029) [0x7fd87ce7e029]
/home/jianq/Vivado/Vivado/2019.1/lib/lnx64.o/libtcl8.5.so(TclEvalObjEx+0x76) [0x7fd87ce35156]
/home/jianq/Vivado/Vivado/2019.1/lib/lnx64.o/librdi_commontasks.so(+0x1ebc27) [0x7fd876debc27]
/home/jianq/Vivado/Vivado/2019.1/lib/lnx64.o/libtcl8.5.so(+0x334af) [0x7fd87ce334af]
/home/jianq/Vivado/Vivado/2019.1/lib/lnx64.o/libtcl8.5.so(+0x76875) [0x7fd87ce76875]
/home/jianq/Vivado/Vivado/2019.1/lib/lnx64.o/libtcl8.5.so(TclObjInterpProcCore+0x420) [0x7fd87ceb7df0]
/home/jianq/Vivado/Vivado/2019.1/lib/lnx64.o/libtcl8.5.so(+0x334af) [0x7fd87ce334af]
/home/jianq/Vivado/Vivado/2019.1/lib/lnx64.o/libtcl8.5.so(+0x76875) [0x7fd87ce76875]
/home/jianq/Vivado/Vivado/2019.1/lib/lnx64.o/libtcl8.5.so(+0x7e029) [0x7fd87ce7e029]
/home/jianq/Vivado/Vivado/2019.1/lib/lnx64.o/libtcl8.5.so(TclEvalObjEx+0x76) [0x7fd87ce35156]
/home/jianq/Vivado/Vivado/2019.1/lib/lnx64.o/libtcl8.5.so(+0x3e754) [0x7fd87ce3e754]
/home/jianq/Vivado/Vivado/2019.1/lib/lnx64.o/libtcl8.5.so(+0x334af) [0x7fd87ce334af]
/home/jianq/Vivado/Vivado/2019.1/lib/lnx64.o/libtcl8.5.so(+0x76875) [0x7fd87ce76875]
/home/jianq/Vivado/Vivado/2019.1/lib/lnx64.o/libtcl8.5.so(TclObjInterpProcCore+0x420) [0x7fd87ceb7df0]
/home/jianq/Vivado/Vivado/2019.1/lib/lnx64.o/libtcl8.5.so(+0x334af) [0x7fd87ce334af]
/home/jianq/Vivado/Vivado/2019.1/lib/lnx64.o/libtcl8.5.so(+0x76875) [0x7fd87ce76875]
/home/jianq/Vivado/Vivado/2019.1/lib/lnx64.o/libtcl8.5.so(+0x7e029) [0x7fd87ce7e029]
/home/jianq/Vivado/Vivado/2019.1/lib/lnx64.o/libtcl8.5.so(TclEvalObjEx+0x76) [0x7fd87ce35156]
/home/jianq/Vivado/Vivado/2019.1/lib/lnx64.o/libtcl8.5.so(+0x3e754) [0x7fd87ce3e754]
/home/jianq/Vivado/Vivado/2019.1/lib/lnx64.o/libtcl8.5.so(+0x334af) [0x7fd87ce334af]
/home/jianq/Vivado/Vivado/2019.1/lib/lnx64.o/libtcl8.5.so(+0x76875) [0x7fd87ce76875]
/home/jianq/Vivado/Vivado/2019.1/lib/lnx64.o/libtcl8.5.so(+0x7e029) [0x7fd87ce7e029]
/home/jianq/Vivado/Vivado/2019.1/lib/lnx64.o/libtcl8.5.so(TclEvalObjEx+0x76) [0x7fd87ce35156]
/home/jianq/Vivado/Vivado/2019.1/lib/lnx64.o/librdi_commontasks.so(+0x1ebc27) [0x7fd876debc27]
/home/jianq/Vivado/Vivado/2019.1/lib/lnx64.o/libtcl8.5.so(+0x334af) [0x7fd87ce334af]
/home/jianq/Vivado/Vivado/2019.1/lib/lnx64.o/libtcl8.5.so(+0x76875) [0x7fd87ce76875]
/home/jianq/Vivado/Vivado/2019.1/lib/lnx64.o/libtcl8.5.so(Tcl_ExprObj+0xf8) [0x7fd87ce7dc08]
/home/jianq/Vivado/Vivado/2019.1/lib/lnx64.o/libtcl8.5.so(Tcl_ExprBooleanObj+0x16) [0x7fd87ce33e96]
/home/jianq/Vivado/Vivado/2019.1/lib/lnx64.o/libtcl8.5.so(+0x3e6de) [0x7fd87ce3e6de]
/home/jianq/Vivado/Vivado/2019.1/lib/lnx64.o/libtcl8.5.so(+0x334af) [0x7fd87ce334af]
/home/jianq/Vivado/Vivado/2019.1/lib/lnx64.o/libtcl8.5.so(+0x34b38) [0x7fd87ce34b38]
/home/jianq/Vivado/Vivado/2019.1/lib/lnx64.o/libtcl8.5.so(Tcl_EvalEx+0x13) [0x7fd87ce350a3]
/home/jianq/Vivado/Vivado/2019.1/lib/lnx64.o/libtcl8.5.so(Tcl_FSEvalFileEx+0x1da) [0x7fd87ce99c5a]
/home/jianq/Vivado/Vivado/2019.1/lib/lnx64.o/librdi_commontasks.so(+0x208e5d) [0x7fd876e08e5d]
/home/jianq/Vivado/Vivado/2019.1/lib/lnx64.o/librdi_common.so(+0x8068e2) [0x7fd8844068e2]
/home/jianq/Vivado/Vivado/2019.1/lib/lnx64.o/libtcl8.5.so(+0x334af) [0x7fd87ce334af]
/home/jianq/Vivado/Vivado/2019.1/lib/lnx64.o/libtcl8.5.so(+0x76875) [0x7fd87ce76875]
/home/jianq/Vivado/Vivado/2019.1/lib/lnx64.o/libtcl8.5.so(+0x7e029) [0x7fd87ce7e029]
/home/jianq/Vivado/Vivado/2019.1/lib/lnx64.o/libtcl8.5.so(TclEvalObjEx+0x76) [0x7fd87ce35156]
/home/jianq/Vivado/Vivado/2019.1/lib/lnx64.o/libtcl8.5.so(+0xb7557) [0x7fd87ceb7557]
/home/jianq/Vivado/Vivado/2019.1/lib/lnx64.o/libtcl8.5.so(+0x334af) [0x7fd87ce334af]
/home/jianq/Vivado/Vivado/2019.1/lib/lnx64.o/libtcl8.5.so(+0x76875) [0x7fd87ce76875]
/home/jianq/Vivado/Vivado/2019.1/lib/lnx64.o/libtcl8.5.so(+0x7e029) [0x7fd87ce7e029]
/home/jianq/Vivado/Vivado/2019.1/lib/lnx64.o/libtcl8.5.so(TclEvalObjEx+0x76) [0x7fd87ce35156]
/home/jianq/Vivado/Vivado/2019.1/lib/lnx64.o/librdi_commontasks.so(+0x1ebcc4) [0x7fd876debcc4]
/home/jianq/Vivado/Vivado/2019.1/lib/lnx64.o/libtcl8.5.so(+0x334af) [0x7fd87ce334af]
/home/jianq/Vivado/Vivado/2019.1/lib/lnx64.o/libtcl8.5.so(+0x34b38) [0x7fd87ce34b38]
/home/jianq/Vivado/Vivado/2019.1/lib/lnx64.o/libtcl8.5.so(+0xad486) [0x7fd87cead486]
/home/jianq/Vivado/Vivado/2019.1/lib/lnx64.o/libtcl8.5.so(+0x346c5) [0x7fd87ce346c5]
/home/jianq/Vivado/Vivado/2019.1/lib/lnx64.o/libtcl8.5.so(Tcl_EvalEx+0x13) [0x7fd87ce350a3]
/home/jianq/Vivado/Vivado/2019.1/lib/lnx64.o/libtcl8.5.so(Tcl_FSEvalFileEx+0x1da) [0x7fd87ce99c5a]
/home/jianq/Vivado/Vivado/2019.1/lib/lnx64.o/librdi_commontasks.so(+0x208e5d) [0x7fd876e08e5d]
/home/jianq/Vivado/Vivado/2019.1/lib/lnx64.o/librdi_common.so(+0x8068e2) [0x7fd8844068e2]
/home/jianq/Vivado/Vivado/2019.1/lib/lnx64.o/libtcl8.5.so(+0x334af) [0x7fd87ce334af]
/home/jianq/Vivado/Vivado/2019.1/lib/lnx64.o/libtcl8.5.so(Tcl_EvalObjv+0x32) [0x7fd87ce335e2]
/home/jianq/Vivado/Vivado/2019.1/lib/lnx64.o/libtcl8.5.so(TclEvalObjEx+0x322) [0x7fd87ce35402]
/home/jianq/Vivado/Vivado/2019.1/lib/lnx64.o/librdi_common.so(hdi::tcltasks::task_manager::eval_in_tcl(Tcl_Interp*, Tcl_Obj*, char const*, bool)+0xab9) [0x7fd884408719]
/home/jianq/Vivado/Vivado/2019.1/lib/lnx64.o/librdi_designutils.so(HRTInvoker::inProcessLaunch(HDGUIStatus&)+0x457) [0x7fd869e08f07]
/home/jianq/Vivado/Vivado/2019.1/lib/lnx64.o/librdi_designutils.so(HRTInvoker::launch(HDGUIStatus&)+0x535) [0x7fd869e09bf5]
/home/jianq/Vivado/Vivado/2019.1/lib/lnx64.o/librdi_vivadotasks.so(+0x54c087) [0x7fd83854c087]
/home/jianq/Vivado/Vivado/2019.1/lib/lnx64.o/librdi_vivadotasks.so(+0x557095) [0x7fd838557095]
/home/jianq/Vivado/Vivado/2019.1/lib/lnx64.o/librdi_common.so(+0x8068e2) [0x7fd8844068e2]
/home/jianq/Vivado/Vivado/2019.1/lib/lnx64.o/libtcl8.5.so(+0x334af) [0x7fd87ce334af]
/home/jianq/Vivado/Vivado/2019.1/lib/lnx64.o/libtcl8.5.so(+0x34b38) [0x7fd87ce34b38]
/home/jianq/Vivado/Vivado/2019.1/lib/lnx64.o/libtcl8.5.so(Tcl_EvalEx+0x13) [0x7fd87ce350a3]
/home/jianq/Vivado/Vivado/2019.1/lib/lnx64.o/libtcl8.5.so(Tcl_FSEvalFileEx+0x1da) [0x7fd87ce99c5a]
/home/jianq/Vivado/Vivado/2019.1/lib/lnx64.o/librdi_commontasks.so(+0x208e5d) [0x7fd876e08e5d]
/home/jianq/Vivado/Vivado/2019.1/lib/lnx64.o/librdi_common.so(+0x8068e2) [0x7fd8844068e2]
/home/jianq/Vivado/Vivado/2019.1/lib/lnx64.o/libtcl8.5.so(+0x334af) [0x7fd87ce334af]
/home/jianq/Vivado/Vivado/2019.1/lib/lnx64.o/libtcl8.5.so(Tcl_EvalObjv+0x32) [0x7fd87ce335e2]
/home/jianq/Vivado/Vivado/2019.1/lib/lnx64.o/libtcl8.5.so(TclEvalObjEx+0x322) [0x7fd87ce35402]
/home/jianq/Vivado/Vivado/2019.1/lib/lnx64.o/librdi_commontasks.so(+0x23ab2f) [0x7fd876e3ab2f]
/home/jianq/Vivado/Vivado/2019.1/lib/lnx64.o/librdi_commontasks.so(+0x23c1fe) [0x7fd876e3c1fe]
/home/jianq/Vivado/Vivado/2019.1/lib/lnx64.o/librdi_common.so(+0x8068e2) [0x7fd8844068e2]
/home/jianq/Vivado/Vivado/2019.1/lib/lnx64.o/libtcl8.5.so(+0x334af) [0x7fd87ce334af]
/home/jianq/Vivado/Vivado/2019.1/lib/lnx64.o/libtcl8.5.so(Tcl_EvalObjv+0x32) [0x7fd87ce335e2]
/home/jianq/Vivado/Vivado/2019.1/lib/lnx64.o/libtcl8.5.so(TclEvalObjEx+0x322) [0x7fd87ce35402]
/home/jianq/Vivado/Vivado/2019.1/lib/lnx64.o/librdi_commonmain.so(+0x7424) [0x7fd883807424]
/home/jianq/Vivado/Vivado/2019.1/lib/lnx64.o/libtcl8.5.so(Tcl_Main+0x1d0) [0x7fd87cea0210]
/home/jianq/Vivado/Vivado/2019.1/lib/lnx64.o/librdi_common.so(+0x84ac9b) [0x7fd88444ac9b]
/lib/x86_64-linux-gnu/libc.so.6(+0x94ac3) [0x7fd882c94ac3]
/lib/x86_64-linux-gnu/libc.so.6(+0x126a40) [0x7fd882d26a40]
