#-----------------------------------------------------------
# Vivado v2019.1 (64-bit)
# SW Build 2552052 on Fri May 24 14:47:09 MDT 2019
# IP Build 2548770 on Fri May 24 18:01:18 MDT 2019
# Start of session at: Fri Nov 10 18:43:44 2023
# Process ID: 3316940
# Current directory: /home/jianq/Documents/FYP/Lab_sessions/demo2
# Command line: vivado -mode tcl -source demo2.tcl
# Log file: /home/jianq/Documents/FYP/Lab_sessions/demo2/vivado.log
# Journal file: /home/jianq/Documents/FYP/Lab_sessions/demo2/vivado.jou
#-----------------------------------------------------------
source demo2.tcl
# set outputDir ./demo2_Output
# file mkdir $outputDir
# set_part "xc7a35tcpg236-1"
INFO: [Coretcl 2-1500] The part has been set to 'xc7a35tcpg236-1' for the current project only. Run set_part -help for more details. To evaluate different speed grades in the current design, use the set_speed_grade command, or use the open_checkpoint -part command to change the part used by an existing checkpoint design.
# set_param general.maxThreads 1
# read_verilog  [ glob ./Lab1_Assignment1.srcs/sources_1/new/*.v ]
# read_xdc ./Lab1_Assignment1.srcs/constrs_1/new/contraints.xdc
# synth_design -top Top_Student   
Command: synth_design -top Top_Student
Starting synth_design
Using part: xc7a35tcpg236-1
Attempting to get a license for feature 'Synthesis' and/or device 'xc7a35t'
INFO: [Common 17-349] Got license for feature 'Synthesis' and/or device 'xc7a35t'
INFO: [Device 21-403] Loading part xc7a35tcpg236-1
INFO: Launching helper process for spawning children vivado processes
INFO: Helper process launched with PID 3318297 
---------------------------------------------------------------------------------
Starting RTL Elaboration : Time (s): cpu = 00:00:02 ; elapsed = 00:00:04 . Memory (MB): peak = 1652.758 ; gain = 154.719 ; free physical = 1782 ; free virtual = 6197
---------------------------------------------------------------------------------
INFO: [Synth 8-6157] synthesizing module 'Top_Student' [/home/jianq/Documents/FYP/Lab_sessions/demo2/Lab1_Assignment1.srcs/sources_1/new/Top_Student.v:18]
INFO: [Synth 8-6157] synthesizing module 'varclock' [/home/jianq/Documents/FYP/Lab_sessions/demo2/Lab1_Assignment1.srcs/sources_1/new/ADJ_CLOCK.v:23]
INFO: [Synth 8-6155] done synthesizing module 'varclock' (1#1) [/home/jianq/Documents/FYP/Lab_sessions/demo2/Lab1_Assignment1.srcs/sources_1/new/ADJ_CLOCK.v:23]
INFO: [Synth 8-6157] synthesizing module 'seven_seg' [/home/jianq/Documents/FYP/Lab_sessions/demo2/Lab1_Assignment1.srcs/sources_1/new/seven_seg.v:23]
WARNING: [Synth 8-6014] Unused sequential element ones_reg was removed.  [/home/jianq/Documents/FYP/Lab_sessions/demo2/Lab1_Assignment1.srcs/sources_1/new/seven_seg.v:40]
WARNING: [Synth 8-6014] Unused sequential element tens_reg was removed.  [/home/jianq/Documents/FYP/Lab_sessions/demo2/Lab1_Assignment1.srcs/sources_1/new/seven_seg.v:41]
WARNING: [Synth 8-6014] Unused sequential element hundreds_reg was removed.  [/home/jianq/Documents/FYP/Lab_sessions/demo2/Lab1_Assignment1.srcs/sources_1/new/seven_seg.v:42]
WARNING: [Synth 8-6014] Unused sequential element thousands_reg was removed.  [/home/jianq/Documents/FYP/Lab_sessions/demo2/Lab1_Assignment1.srcs/sources_1/new/seven_seg.v:43]
INFO: [Synth 8-6155] done synthesizing module 'seven_seg' (2#1) [/home/jianq/Documents/FYP/Lab_sessions/demo2/Lab1_Assignment1.srcs/sources_1/new/seven_seg.v:23]
INFO: [Synth 8-6155] done synthesizing module 'Top_Student' (3#1) [/home/jianq/Documents/FYP/Lab_sessions/demo2/Lab1_Assignment1.srcs/sources_1/new/Top_Student.v:18]
---------------------------------------------------------------------------------
Finished RTL Elaboration : Time (s): cpu = 00:00:03 ; elapsed = 00:00:05 . Memory (MB): peak = 1706.508 ; gain = 208.469 ; free physical = 1809 ; free virtual = 6225
---------------------------------------------------------------------------------

Report Check Netlist: 
+------+------------------+-------+---------+-------+------------------+
|      |Item              |Errors |Warnings |Status |Description       |
+------+------------------+-------+---------+-------+------------------+
|1     |multi_driven_nets |      0|        0|Passed |Multi driven nets |
+------+------------------+-------+---------+-------+------------------+
---------------------------------------------------------------------------------
Start Handling Custom Attributes
---------------------------------------------------------------------------------
---------------------------------------------------------------------------------
Finished Handling Custom Attributes : Time (s): cpu = 00:00:03 ; elapsed = 00:00:05 . Memory (MB): peak = 1709.477 ; gain = 211.438 ; free physical = 1801 ; free virtual = 6217
---------------------------------------------------------------------------------
---------------------------------------------------------------------------------
Finished RTL Optimization Phase 1 : Time (s): cpu = 00:00:03 ; elapsed = 00:00:05 . Memory (MB): peak = 1709.477 ; gain = 211.438 ; free physical = 1801 ; free virtual = 6217
---------------------------------------------------------------------------------
INFO: [Project 1-570] Preparing netlist for logic optimization

Processing XDC Constraints
Initializing timing engine
Parsing XDC File [/home/jianq/Documents/FYP/Lab_sessions/demo2/Lab1_Assignment1.srcs/constrs_1/new/contraints.xdc]
Finished Parsing XDC File [/home/jianq/Documents/FYP/Lab_sessions/demo2/Lab1_Assignment1.srcs/constrs_1/new/contraints.xdc]
INFO: [Project 1-236] Implementation specific constraints were found while reading constraint file [/home/jianq/Documents/FYP/Lab_sessions/demo2/Lab1_Assignment1.srcs/constrs_1/new/contraints.xdc]. These constraints will be ignored for synthesis but will be used in implementation. Impacted constraints are listed in the file [.Xil/Top_Student_propImpl.xdc].
Resolution: To avoid this warning, move constraints listed in [.Xil/Top_Student_propImpl.xdc] to another XDC file and exclude this new file from synthesis with the used_in_synthesis property (File Properties dialog in GUI) and re-run elaboration/synthesis.
Completed Processing XDC Constraints

Netlist sorting complete. Time (s): cpu = 00:00:00 ; elapsed = 00:00:00 . Memory (MB): peak = 1829.105 ; gain = 0.000 ; free physical = 1721 ; free virtual = 6137
INFO: [Project 1-111] Unisim Transformation Summary:
No Unisim elements were transformed.

Constraint Validation Runtime : Time (s): cpu = 00:00:00 ; elapsed = 00:00:00 . Memory (MB): peak = 1829.105 ; gain = 0.000 ; free physical = 1721 ; free virtual = 6137
---------------------------------------------------------------------------------
Finished Constraint Validation : Time (s): cpu = 00:00:07 ; elapsed = 00:00:11 . Memory (MB): peak = 1829.105 ; gain = 331.066 ; free physical = 1784 ; free virtual = 6201
---------------------------------------------------------------------------------
---------------------------------------------------------------------------------
Start Loading Part and Timing Information
---------------------------------------------------------------------------------
Loading part: xc7a35tcpg236-1
---------------------------------------------------------------------------------
Finished Loading Part and Timing Information : Time (s): cpu = 00:00:07 ; elapsed = 00:00:11 . Memory (MB): peak = 1829.105 ; gain = 331.066 ; free physical = 1784 ; free virtual = 6201
---------------------------------------------------------------------------------
---------------------------------------------------------------------------------
Start Applying 'set_property' XDC Constraints
---------------------------------------------------------------------------------
---------------------------------------------------------------------------------
Finished applying 'set_property' XDC Constraints : Time (s): cpu = 00:00:07 ; elapsed = 00:00:11 . Memory (MB): peak = 1829.105 ; gain = 331.066 ; free physical = 1783 ; free virtual = 6200
---------------------------------------------------------------------------------
INFO: [Synth 8-5544] ROM "seven_segment" won't be mapped to Block RAM because address size (4) smaller than threshold (5)
INFO: [Synth 8-5544] ROM "seven_segment" won't be mapped to Block RAM because address size (4) smaller than threshold (5)
INFO: [Synth 8-5544] ROM "seven_segment" won't be mapped to Block RAM because address size (4) smaller than threshold (5)
INFO: [Synth 8-5544] ROM "seven_segment" won't be mapped to Block RAM because address size (4) smaller than threshold (5)
---------------------------------------------------------------------------------
Finished RTL Optimization Phase 2 : Time (s): cpu = 00:00:08 ; elapsed = 00:00:12 . Memory (MB): peak = 1829.105 ; gain = 331.066 ; free physical = 1778 ; free virtual = 6196
---------------------------------------------------------------------------------

Report RTL Partitions: 
+-+--------------+------------+----------+
| |RTL Partition |Replication |Instances |
+-+--------------+------------+----------+
+-+--------------+------------+----------+
---------------------------------------------------------------------------------
Start RTL Component Statistics 
---------------------------------------------------------------------------------
Detailed RTL Component Info : 
+---Adders : 
	   2 Input     33 Bit       Adders := 1     
	   2 Input      2 Bit       Adders := 1     
+---Registers : 
	               12 Bit    Registers := 1     
	                7 Bit    Registers := 1     
	                2 Bit    Registers := 1     
	                1 Bit    Registers := 5     
+---Muxes : 
	  14 Input      7 Bit        Muxes := 1     
	   4 Input      1 Bit        Muxes := 1     
	   2 Input      1 Bit        Muxes := 5     
---------------------------------------------------------------------------------
Finished RTL Component Statistics 
---------------------------------------------------------------------------------
---------------------------------------------------------------------------------
Start RTL Hierarchical Component Statistics 
---------------------------------------------------------------------------------
Hierarchical RTL Component report 
Module Top_Student 
Detailed RTL Component Info : 
+---Registers : 
	               12 Bit    Registers := 1     
Module varclock 
Detailed RTL Component Info : 
+---Adders : 
	   2 Input     33 Bit       Adders := 1     
+---Registers : 
	                1 Bit    Registers := 1     
Module seven_seg 
Detailed RTL Component Info : 
+---Adders : 
	   2 Input      2 Bit       Adders := 1     
+---Registers : 
	                7 Bit    Registers := 1     
	                2 Bit    Registers := 1     
	                1 Bit    Registers := 4     
+---Muxes : 
	  14 Input      7 Bit        Muxes := 1     
	   4 Input      1 Bit        Muxes := 1     
	   2 Input      1 Bit        Muxes := 5     
---------------------------------------------------------------------------------
Finished RTL Hierarchical Component Statistics
---------------------------------------------------------------------------------
---------------------------------------------------------------------------------
Start Part Resource Summary
---------------------------------------------------------------------------------
Part Resources:
DSPs: 90 (col length:60)
BRAMs: 100 (col length: RAMB18 60 RAMB36 30)
---------------------------------------------------------------------------------
Finished Part Resource Summary
---------------------------------------------------------------------------------
---------------------------------------------------------------------------------
Start Cross Boundary and Area Optimization
---------------------------------------------------------------------------------
Warning: Parallel synthesis criteria is not met 
---------------------------------------------------------------------------------
Finished Cross Boundary and Area Optimization : Time (s): cpu = 00:00:11 ; elapsed = 00:00:15 . Memory (MB): peak = 1829.105 ; gain = 331.066 ; free physical = 1760 ; free virtual = 6181
---------------------------------------------------------------------------------

Report RTL Partitions: 
+-+--------------+------------+----------+
| |RTL Partition |Replication |Instances |
+-+--------------+------------+----------+
+-+--------------+------------+----------+
---------------------------------------------------------------------------------
Start Applying XDC Timing Constraints
---------------------------------------------------------------------------------
---------------------------------------------------------------------------------
Finished Applying XDC Timing Constraints : Time (s): cpu = 00:00:16 ; elapsed = 00:00:20 . Memory (MB): peak = 1829.105 ; gain = 331.066 ; free physical = 1641 ; free virtual = 6063
---------------------------------------------------------------------------------
---------------------------------------------------------------------------------
Start Timing Optimization
---------------------------------------------------------------------------------
---------------------------------------------------------------------------------
Finished Timing Optimization : Time (s): cpu = 00:00:16 ; elapsed = 00:00:20 . Memory (MB): peak = 1829.105 ; gain = 331.066 ; free physical = 1637 ; free virtual = 6059
---------------------------------------------------------------------------------

Report RTL Partitions: 
+-+--------------+------------+----------+
| |RTL Partition |Replication |Instances |
+-+--------------+------------+----------+
+-+--------------+------------+----------+
---------------------------------------------------------------------------------
Start Technology Mapping
---------------------------------------------------------------------------------
---------------------------------------------------------------------------------
Finished Technology Mapping : Time (s): cpu = 00:00:16 ; elapsed = 00:00:21 . Memory (MB): peak = 1829.105 ; gain = 331.066 ; free physical = 1633 ; free virtual = 6055
---------------------------------------------------------------------------------

Report RTL Partitions: 
+-+--------------+------------+----------+
| |RTL Partition |Replication |Instances |
+-+--------------+------------+----------+
+-+--------------+------------+----------+
---------------------------------------------------------------------------------
Start IO Insertion
---------------------------------------------------------------------------------
---------------------------------------------------------------------------------
Start Flattening Before IO Insertion
---------------------------------------------------------------------------------
---------------------------------------------------------------------------------
Finished Flattening Before IO Insertion
---------------------------------------------------------------------------------
---------------------------------------------------------------------------------
Start Final Netlist Cleanup
---------------------------------------------------------------------------------
---------------------------------------------------------------------------------
Finished Final Netlist Cleanup
---------------------------------------------------------------------------------
---------------------------------------------------------------------------------
Finished IO Insertion : Time (s): cpu = 00:00:17 ; elapsed = 00:00:22 . Memory (MB): peak = 1829.105 ; gain = 331.066 ; free physical = 1631 ; free virtual = 6054
---------------------------------------------------------------------------------

Report Check Netlist: 
+------+------------------+-------+---------+-------+------------------+
|      |Item              |Errors |Warnings |Status |Description       |
+------+------------------+-------+---------+-------+------------------+
|1     |multi_driven_nets |      0|        0|Passed |Multi driven nets |
+------+------------------+-------+---------+-------+------------------+
---------------------------------------------------------------------------------
Start Renaming Generated Instances
---------------------------------------------------------------------------------
---------------------------------------------------------------------------------
Finished Renaming Generated Instances : Time (s): cpu = 00:00:17 ; elapsed = 00:00:22 . Memory (MB): peak = 1829.105 ; gain = 331.066 ; free physical = 1638 ; free virtual = 6060
---------------------------------------------------------------------------------

Report RTL Partitions: 
+-+--------------+------------+----------+
| |RTL Partition |Replication |Instances |
+-+--------------+------------+----------+
+-+--------------+------------+----------+
---------------------------------------------------------------------------------
Start Rebuilding User Hierarchy
---------------------------------------------------------------------------------
---------------------------------------------------------------------------------
Finished Rebuilding User Hierarchy : Time (s): cpu = 00:00:17 ; elapsed = 00:00:22 . Memory (MB): peak = 1829.105 ; gain = 331.066 ; free physical = 1637 ; free virtual = 6060
---------------------------------------------------------------------------------
---------------------------------------------------------------------------------
Start Renaming Generated Ports
---------------------------------------------------------------------------------
---------------------------------------------------------------------------------
Finished Renaming Generated Ports : Time (s): cpu = 00:00:17 ; elapsed = 00:00:22 . Memory (MB): peak = 1829.105 ; gain = 331.066 ; free physical = 1637 ; free virtual = 6060
---------------------------------------------------------------------------------
---------------------------------------------------------------------------------
Start Handling Custom Attributes
---------------------------------------------------------------------------------
---------------------------------------------------------------------------------
Finished Handling Custom Attributes : Time (s): cpu = 00:00:17 ; elapsed = 00:00:22 . Memory (MB): peak = 1829.105 ; gain = 331.066 ; free physical = 1637 ; free virtual = 6060
---------------------------------------------------------------------------------
---------------------------------------------------------------------------------
Start Renaming Generated Nets
---------------------------------------------------------------------------------
---------------------------------------------------------------------------------
Finished Renaming Generated Nets : Time (s): cpu = 00:00:17 ; elapsed = 00:00:22 . Memory (MB): peak = 1829.105 ; gain = 331.066 ; free physical = 1637 ; free virtual = 6060
---------------------------------------------------------------------------------
---------------------------------------------------------------------------------
Start Writing Synthesis Report
---------------------------------------------------------------------------------

Report BlackBoxes: 
+-+--------------+----------+
| |BlackBox name |Instances |
+-+--------------+----------+
+-+--------------+----------+

Report Cell Usage: 
+------+-------+------+
|      |Cell   |Count |
+------+-------+------+
|1     |BUFG   |     1|
|2     |CARRY4 |    31|
|3     |LUT1   |     2|
|4     |LUT2   |    49|
|5     |LUT3   |    12|
|6     |LUT4   |    27|
|7     |LUT5   |    17|
|8     |LUT6   |    57|
|9     |FDRE   |    56|
|10    |FDSE   |     3|
|11    |IBUF   |    17|
|12    |OBUF   |    27|
+------+-------+------+

Report Instance Areas: 
+------+------------+----------+------+
|      |Instance    |Module    |Cells |
+------+------------+----------+------+
|1     |top         |          |   299|
|2     |  display   |seven_seg |   182|
|3     |  slowclock |varclock  |    60|
+------+------------+----------+------+
---------------------------------------------------------------------------------
Finished Writing Synthesis Report : Time (s): cpu = 00:00:17 ; elapsed = 00:00:22 . Memory (MB): peak = 1829.105 ; gain = 331.066 ; free physical = 1637 ; free virtual = 6060
---------------------------------------------------------------------------------
Synthesis finished with 0 errors, 0 critical warnings and 0 warnings.
Synthesis Optimization Runtime : Time (s): cpu = 00:00:16 ; elapsed = 00:00:20 . Memory (MB): peak = 1829.105 ; gain = 211.438 ; free physical = 1681 ; free virtual = 6103
Synthesis Optimization Complete : Time (s): cpu = 00:00:17 ; elapsed = 00:00:22 . Memory (MB): peak = 1829.113 ; gain = 331.066 ; free physical = 1681 ; free virtual = 6103
INFO: [Project 1-571] Translating synthesized netlist
INFO: [Netlist 29-17] Analyzing 31 Unisim elements for replacement
INFO: [Netlist 29-28] Unisim Transformation completed in 0 CPU seconds
INFO: [Project 1-570] Preparing netlist for logic optimization
Parsing XDC File [/home/jianq/Documents/FYP/Lab_sessions/demo2/Lab1_Assignment1.srcs/constrs_1/new/contraints.xdc]
Finished Parsing XDC File [/home/jianq/Documents/FYP/Lab_sessions/demo2/Lab1_Assignment1.srcs/constrs_1/new/contraints.xdc]
INFO: [Opt 31-138] Pushed 0 inverter(s) to 0 load pin(s).
Netlist sorting complete. Time (s): cpu = 00:00:00 ; elapsed = 00:00:00 . Memory (MB): peak = 1835.043 ; gain = 0.000 ; free physical = 1628 ; free virtual = 6051
INFO: [Project 1-111] Unisim Transformation Summary:
No Unisim elements were transformed.

INFO: [Common 17-83] Releasing license: Synthesis
22 Infos, 4 Warnings, 0 Critical Warnings and 0 Errors encountered.
synth_design completed successfully
synth_design: Time (s): cpu = 00:00:21 ; elapsed = 00:00:26 . Memory (MB): peak = 1835.043 ; gain = 473.316 ; free physical = 1725 ; free virtual = 6148
INFO: [Common 17-600] The following parameters have non-default value.
general.maxThreads
# write_checkpoint -force $outputDir/post_synth
Netlist sorting complete. Time (s): cpu = 00:00:00 ; elapsed = 00:00:00 . Memory (MB): peak = 1835.043 ; gain = 0.000 ; free physical = 1725 ; free virtual = 6148
INFO: [Timing 38-480] Writing timing data to binary archive.
Writing placer database...
Writing XDEF routing.
Writing XDEF routing logical nets.
Writing XDEF routing special nets.
Write XDEF Complete: Time (s): cpu = 00:00:00 ; elapsed = 00:00:00.01 . Memory (MB): peak = 1835.043 ; gain = 0.000 ; free physical = 1728 ; free virtual = 6151
INFO: [Common 17-1381] The checkpoint '/home/jianq/Documents/FYP/Lab_sessions/demo2/demo2_Output/post_synth.dcp' has been generated.
# report_timing_summary -file $outputDir/post_synth_timing_summary.rpt
INFO: [Timing 38-35] Done setting XDC timing constraints.
INFO: [Timing 38-91] UpdateTimingParams: Speed grade: -1, Delay Type: min_max.
# report_power -file $outputDir/post_synth_power.rpt
Command: report_power -file ./demo2_Output/post_synth_power.rpt
Running Vector-less Activity Propagation...

Finished Running Vector-less Activity Propagation
0 Infos, 0 Warnings, 0 Critical Warnings and 0 Errors encountered.
report_power completed successfully
# report_clock_interaction -delay_type min_max -file $outputDir/post_synth_clock_interaction.rpt
INFO: [Timing 38-91] UpdateTimingParams: Speed grade: -1, Delay Type: min_max.
# report_high_fanout_nets -fanout_greater_than 200 -max_nets 50 -file $outputDir/post_synth_high_fanout_nets.rpt
report_high_fanout_nets: Time (s): cpu = 00:00:00.04 ; elapsed = 00:00:00.14 . Memory (MB): peak = 2191.973 ; gain = 0.000 ; free physical = 1428 ; free virtual = 5851
# opt_design
Command: opt_design
Attempting to get a license for feature 'Implementation' and/or device 'xc7a35t'
INFO: [Common 17-349] Got license for feature 'Implementation' and/or device 'xc7a35t'
Running DRC as a precondition to command opt_design

Starting DRC Task
INFO: [Project 1-461] DRC finished with 0 Errors
INFO: [Project 1-462] Please refer to the DRC report (report_drc) for more information.

Time (s): cpu = 00:00:00.12 ; elapsed = 00:00:00.29 . Memory (MB): peak = 2191.973 ; gain = 0.000 ; free physical = 1428 ; free virtual = 5851

Starting Cache Timing Information Task
Ending Cache Timing Information Task | Checksum: 23bfc0b8b

Time (s): cpu = 00:00:00 ; elapsed = 00:00:00 . Memory (MB): peak = 2191.973 ; gain = 0.000 ; free physical = 1428 ; free virtual = 5851

Starting Logic Optimization Task

Phase 1 Retarget
INFO: [Opt 31-138] Pushed 0 inverter(s) to 0 load pin(s).
INFO: [Opt 31-49] Retargeted 0 cell(s).
Phase 1 Retarget | Checksum: 23bfc0b8b

Time (s): cpu = 00:00:00.01 ; elapsed = 00:00:00.02 . Memory (MB): peak = 2275.973 ; gain = 0.000 ; free physical = 1333 ; free virtual = 5757
INFO: [Opt 31-389] Phase Retarget created 0 cells and removed 0 cells

Phase 2 Constant propagation
INFO: [Opt 31-138] Pushed 0 inverter(s) to 0 load pin(s).
Phase 2 Constant propagation | Checksum: 21e544c68

Time (s): cpu = 00:00:00.02 ; elapsed = 00:00:00.02 . Memory (MB): peak = 2275.973 ; gain = 0.000 ; free physical = 1333 ; free virtual = 5757
INFO: [Opt 31-389] Phase Constant propagation created 0 cells and removed 0 cells

Phase 3 Sweep
Phase 3 Sweep | Checksum: 1a29ff214

Time (s): cpu = 00:00:00.02 ; elapsed = 00:00:00.03 . Memory (MB): peak = 2275.973 ; gain = 0.000 ; free physical = 1333 ; free virtual = 5757
INFO: [Opt 31-389] Phase Sweep created 0 cells and removed 0 cells

Phase 4 BUFG optimization
Phase 4 BUFG optimization | Checksum: 1a29ff214

Time (s): cpu = 00:00:00.03 ; elapsed = 00:00:00.04 . Memory (MB): peak = 2275.973 ; gain = 0.000 ; free physical = 1333 ; free virtual = 5757
INFO: [Opt 31-662] Phase BUFG optimization created 0 cells of which 0 are BUFGs and removed 0 cells.

Phase 5 Shift Register Optimization
INFO: [Opt 31-1064] SRL Remap converted 0 SRLs to 0 registers and converted 0 registers of register chains to 0 SRLs
Phase 5 Shift Register Optimization | Checksum: 1a29ff214

Time (s): cpu = 00:00:00.03 ; elapsed = 00:00:00.04 . Memory (MB): peak = 2275.973 ; gain = 0.000 ; free physical = 1333 ; free virtual = 5757
INFO: [Opt 31-389] Phase Shift Register Optimization created 0 cells and removed 0 cells

Phase 6 Post Processing Netlist
Phase 6 Post Processing Netlist | Checksum: 1a29ff214

Time (s): cpu = 00:00:00.03 ; elapsed = 00:00:00.04 . Memory (MB): peak = 2275.973 ; gain = 0.000 ; free physical = 1333 ; free virtual = 5757
INFO: [Opt 31-389] Phase Post Processing Netlist created 0 cells and removed 0 cells
Opt_design Change Summary
=========================


-------------------------------------------------------------------------------------------------------------------------
|  Phase                        |  #Cells created  |  #Cells Removed  |  #Constrained objects preventing optimizations  |
-------------------------------------------------------------------------------------------------------------------------
|  Retarget                     |               0  |               0  |                                              0  |
|  Constant propagation         |               0  |               0  |                                              0  |
|  Sweep                        |               0  |               0  |                                              0  |
|  BUFG optimization            |               0  |               0  |                                              0  |
|  Shift Register Optimization  |               0  |               0  |                                              0  |
|  Post Processing Netlist      |               0  |               0  |                                              0  |
-------------------------------------------------------------------------------------------------------------------------



Starting Connectivity Check Task

Time (s): cpu = 00:00:00 ; elapsed = 00:00:00 . Memory (MB): peak = 2275.973 ; gain = 0.000 ; free physical = 1333 ; free virtual = 5757
Ending Logic Optimization Task | Checksum: 1e3fc4223

Time (s): cpu = 00:00:00.04 ; elapsed = 00:00:00.05 . Memory (MB): peak = 2275.973 ; gain = 0.000 ; free physical = 1333 ; free virtual = 5756

Starting Power Optimization Task
INFO: [Pwropt 34-132] Skipping clock gating for clocks with a period < 2.00 ns.
Ending Power Optimization Task | Checksum: 1e3fc4223

Time (s): cpu = 00:00:00 ; elapsed = 00:00:00.02 . Memory (MB): peak = 2275.973 ; gain = 0.000 ; free physical = 1331 ; free virtual = 5755

Starting Final Cleanup Task
Ending Final Cleanup Task | Checksum: 1e3fc4223

Time (s): cpu = 00:00:00 ; elapsed = 00:00:00 . Memory (MB): peak = 2275.973 ; gain = 0.000 ; free physical = 1331 ; free virtual = 5754

Starting Netlist Obfuscation Task
Netlist sorting complete. Time (s): cpu = 00:00:00 ; elapsed = 00:00:00 . Memory (MB): peak = 2275.973 ; gain = 0.000 ; free physical = 1331 ; free virtual = 5754
Ending Netlist Obfuscation Task | Checksum: 1e3fc4223

Time (s): cpu = 00:00:00 ; elapsed = 00:00:00 . Memory (MB): peak = 2275.973 ; gain = 0.000 ; free physical = 1331 ; free virtual = 5754
INFO: [Common 17-83] Releasing license: Implementation
15 Infos, 0 Warnings, 0 Critical Warnings and 0 Errors encountered.
opt_design completed successfully
INFO: [Common 17-600] The following parameters have non-default value.
general.maxThreads
# place_design
Command: place_design
Attempting to get a license for feature 'Implementation' and/or device 'xc7a35t'
INFO: [Common 17-349] Got license for feature 'Implementation' and/or device 'xc7a35t'
INFO: [Vivado_Tcl 4-198] DRC finished with 0 Errors
INFO: [Vivado_Tcl 4-199] Please refer to the DRC report (report_drc) for more information.
Running DRC as a precondition to command place_design
INFO: [Vivado_Tcl 4-198] DRC finished with 0 Errors
INFO: [Vivado_Tcl 4-199] Please refer to the DRC report (report_drc) for more information.

Starting Placer Task

Phase 1 Placer Initialization

Phase 1.1 Placer Initialization Netlist Sorting
Netlist sorting complete. Time (s): cpu = 00:00:00 ; elapsed = 00:00:00 . Memory (MB): peak = 2275.973 ; gain = 0.000 ; free physical = 1330 ; free virtual = 5754
Phase 1.1 Placer Initialization Netlist Sorting | Checksum: 141f1e2df

Time (s): cpu = 00:00:00 ; elapsed = 00:00:00.01 . Memory (MB): peak = 2275.973 ; gain = 0.000 ; free physical = 1330 ; free virtual = 5754
Netlist sorting complete. Time (s): cpu = 00:00:00 ; elapsed = 00:00:00 . Memory (MB): peak = 2275.973 ; gain = 0.000 ; free physical = 1330 ; free virtual = 5754

Phase 1.2 IO Placement/ Clock Placement/ Build Placer Device
INFO: [Timing 38-35] Done setting XDC timing constraints.
Phase 1.2 IO Placement/ Clock Placement/ Build Placer Device | Checksum: 774c92d7

Time (s): cpu = 00:00:00.35 ; elapsed = 00:00:00.38 . Memory (MB): peak = 2275.973 ; gain = 0.000 ; free physical = 1332 ; free virtual = 5755

Phase 1.3 Build Placer Netlist Model
Phase 1.3 Build Placer Netlist Model | Checksum: 143323378

Time (s): cpu = 00:00:00.41 ; elapsed = 00:00:00.45 . Memory (MB): peak = 2275.973 ; gain = 0.000 ; free physical = 1330 ; free virtual = 5753

Phase 1.4 Constrain Clocks/Macros
Phase 1.4 Constrain Clocks/Macros | Checksum: 143323378

Time (s): cpu = 00:00:00.41 ; elapsed = 00:00:00.45 . Memory (MB): peak = 2275.973 ; gain = 0.000 ; free physical = 1330 ; free virtual = 5753
Phase 1 Placer Initialization | Checksum: 143323378

Time (s): cpu = 00:00:00.41 ; elapsed = 00:00:00.45 . Memory (MB): peak = 2275.973 ; gain = 0.000 ; free physical = 1330 ; free virtual = 5753

Phase 2 Global Placement

Phase 2.1 Floorplanning
Phase 2.1 Floorplanning | Checksum: 131bd69d6

Time (s): cpu = 00:00:00.41 ; elapsed = 00:00:00.46 . Memory (MB): peak = 2275.973 ; gain = 0.000 ; free physical = 1329 ; free virtual = 5753

Phase 2.2 Global Placement Core

Phase 2.2.1 Physical Synthesis In Placer
INFO: [Physopt 32-65] No nets found for high-fanout optimization.
INFO: [Physopt 32-232] Optimized 0 net. Created 0 new instance.
INFO: [Physopt 32-775] End 1 Pass. Optimized 0 net or cell. Created 0 new cell, deleted 0 existing cell and moved 0 existing cell
INFO: [Physopt 32-670] No setup violation found.  DSP Register Optimization was not performed.
INFO: [Physopt 32-670] No setup violation found.  Shift Register Optimization was not performed.
INFO: [Physopt 32-670] No setup violation found.  BRAM Register Optimization was not performed.
INFO: [Physopt 32-949] No candidate nets found for HD net replication
INFO: [Physopt 32-775] End 1 Pass. Optimized 0 net or cell. Created 0 new cell, deleted 0 existing cell and moved 0 existing cell
Netlist sorting complete. Time (s): cpu = 00:00:00 ; elapsed = 00:00:00 . Memory (MB): peak = 2275.973 ; gain = 0.000 ; free physical = 1322 ; free virtual = 5745

Summary of Physical Synthesis Optimizations
============================================


----------------------------------------------------------------------------------------------------------------------------------------
|  Optimization                  |  Added Cells  |  Removed Cells  |  Optimized Cells/Nets  |  Dont Touch  |  Iterations  |  Elapsed   |
----------------------------------------------------------------------------------------------------------------------------------------
|  Very High Fanout              |            0  |              0  |                     0  |           0  |           1  |  00:00:00  |
|  DSP Register                  |            0  |              0  |                     0  |           0  |           0  |  00:00:00  |
|  Shift Register                |            0  |              0  |                     0  |           0  |           0  |  00:00:00  |
|  BRAM Register                 |            0  |              0  |                     0  |           0  |           0  |  00:00:00  |
|  HD Interface Net Replication  |            0  |              0  |                     0  |           0  |           1  |  00:00:00  |
|  Total                         |            0  |              0  |                     0  |           0  |           2  |  00:00:00  |
----------------------------------------------------------------------------------------------------------------------------------------


Phase 2.2.1 Physical Synthesis In Placer | Checksum: fa6481a6

Time (s): cpu = 00:00:00.63 ; elapsed = 00:00:00.73 . Memory (MB): peak = 2275.973 ; gain = 0.000 ; free physical = 1322 ; free virtual = 5745
Phase 2.2 Global Placement Core | Checksum: 15d06c46c

Time (s): cpu = 00:00:00.64 ; elapsed = 00:00:00.75 . Memory (MB): peak = 2275.973 ; gain = 0.000 ; free physical = 1322 ; free virtual = 5745
Phase 2 Global Placement | Checksum: 15d06c46c

Time (s): cpu = 00:00:00.64 ; elapsed = 00:00:00.75 . Memory (MB): peak = 2275.973 ; gain = 0.000 ; free physical = 1322 ; free virtual = 5745

Phase 3 Detail Placement

Phase 3.1 Commit Multi Column Macros
Phase 3.1 Commit Multi Column Macros | Checksum: e2ad68a4

Time (s): cpu = 00:00:00.65 ; elapsed = 00:00:00.75 . Memory (MB): peak = 2275.973 ; gain = 0.000 ; free physical = 1322 ; free virtual = 5745

Phase 3.2 Commit Most Macros & LUTRAMs
Phase 3.2 Commit Most Macros & LUTRAMs | Checksum: 1ce160f43

Time (s): cpu = 00:00:00.66 ; elapsed = 00:00:00.77 . Memory (MB): peak = 2275.973 ; gain = 0.000 ; free physical = 1322 ; free virtual = 5745

Phase 3.3 Area Swap Optimization
Phase 3.3 Area Swap Optimization | Checksum: 25c3cbb04

Time (s): cpu = 00:00:00.66 ; elapsed = 00:00:00.77 . Memory (MB): peak = 2275.973 ; gain = 0.000 ; free physical = 1322 ; free virtual = 5745

Phase 3.4 Pipeline Register Optimization
Phase 3.4 Pipeline Register Optimization | Checksum: 2354c6394

Time (s): cpu = 00:00:00.66 ; elapsed = 00:00:00.78 . Memory (MB): peak = 2275.973 ; gain = 0.000 ; free physical = 1322 ; free virtual = 5745

Phase 3.5 Small Shape Detail Placement
Phase 3.5 Small Shape Detail Placement | Checksum: 15e10da37

Time (s): cpu = 00:00:00.73 ; elapsed = 00:00:00.85 . Memory (MB): peak = 2275.973 ; gain = 0.000 ; free physical = 1319 ; free virtual = 5742

Phase 3.6 Re-assign LUT pins
Phase 3.6 Re-assign LUT pins | Checksum: 162e1c0be

Time (s): cpu = 00:00:00.74 ; elapsed = 00:00:00.86 . Memory (MB): peak = 2275.973 ; gain = 0.000 ; free physical = 1319 ; free virtual = 5742

Phase 3.7 Pipeline Register Optimization
Phase 3.7 Pipeline Register Optimization | Checksum: 14e51d90e

Time (s): cpu = 00:00:00.74 ; elapsed = 00:00:00.86 . Memory (MB): peak = 2275.973 ; gain = 0.000 ; free physical = 1319 ; free virtual = 5742
Phase 3 Detail Placement | Checksum: 14e51d90e

Time (s): cpu = 00:00:00.74 ; elapsed = 00:00:00.86 . Memory (MB): peak = 2275.973 ; gain = 0.000 ; free physical = 1319 ; free virtual = 5742

Phase 4 Post Placement Optimization and Clean-Up

Phase 4.1 Post Commit Optimization
INFO: [Timing 38-35] Done setting XDC timing constraints.

Phase 4.1.1 Post Placement Optimization
Post Placement Optimization Initialization | Checksum: 20d9a533c

Phase 4.1.1.1 BUFG Insertion
INFO: [Place 46-56] BUFG insertion identified 0 candidate nets. Inserted BUFG: 0, Replicated BUFG Driver: 0, Skipped due to Placement/Routing Conflicts: 0, Skipped due to Timing Degradation: 0, Skipped due to Illegal Netlist: 0.
Phase 4.1.1.1 BUFG Insertion | Checksum: 20d9a533c

Time (s): cpu = 00:00:00.79 ; elapsed = 00:00:00.93 . Memory (MB): peak = 2275.973 ; gain = 0.000 ; free physical = 1316 ; free virtual = 5740
INFO: [Place 30-746] Post Placement Timing Summary WNS=4.093. For the most accurate timing information please run report_timing.
Phase 4.1.1 Post Placement Optimization | Checksum: 193f275a1

Time (s): cpu = 00:00:00.79 ; elapsed = 00:00:00.93 . Memory (MB): peak = 2275.973 ; gain = 0.000 ; free physical = 1316 ; free virtual = 5740
Phase 4.1 Post Commit Optimization | Checksum: 193f275a1

Time (s): cpu = 00:00:00.79 ; elapsed = 00:00:00.93 . Memory (MB): peak = 2275.973 ; gain = 0.000 ; free physical = 1316 ; free virtual = 5740

Phase 4.2 Post Placement Cleanup
Phase 4.2 Post Placement Cleanup | Checksum: 193f275a1

Time (s): cpu = 00:00:00.79 ; elapsed = 00:00:00.94 . Memory (MB): peak = 2275.973 ; gain = 0.000 ; free physical = 1318 ; free virtual = 5742

Phase 4.3 Placer Reporting
Phase 4.3 Placer Reporting | Checksum: 193f275a1

Time (s): cpu = 00:00:00.80 ; elapsed = 00:00:00.94 . Memory (MB): peak = 2275.973 ; gain = 0.000 ; free physical = 1318 ; free virtual = 5742

Phase 4.4 Final Placement Cleanup
Netlist sorting complete. Time (s): cpu = 00:00:00 ; elapsed = 00:00:00 . Memory (MB): peak = 2275.973 ; gain = 0.000 ; free physical = 1318 ; free virtual = 5742
Phase 4.4 Final Placement Cleanup | Checksum: a75be742

Time (s): cpu = 00:00:00.80 ; elapsed = 00:00:00.94 . Memory (MB): peak = 2275.973 ; gain = 0.000 ; free physical = 1318 ; free virtual = 5742
Phase 4 Post Placement Optimization and Clean-Up | Checksum: a75be742

Time (s): cpu = 00:00:00.80 ; elapsed = 00:00:00.94 . Memory (MB): peak = 2275.973 ; gain = 0.000 ; free physical = 1318 ; free virtual = 5742
Ending Placer Task | Checksum: 9ad8e5e0

Time (s): cpu = 00:00:00.80 ; elapsed = 00:00:00.95 . Memory (MB): peak = 2275.973 ; gain = 0.000 ; free physical = 1318 ; free virtual = 5742
INFO: [Common 17-83] Releasing license: Implementation
18 Infos, 0 Warnings, 0 Critical Warnings and 0 Errors encountered.
place_design completed successfully
INFO: [Common 17-600] The following parameters have non-default value.
general.maxThreads
# phys_opt_design
Command: phys_opt_design
Attempting to get a license for feature 'Implementation' and/or device 'xc7a35t'
INFO: [Common 17-349] Got license for feature 'Implementation' and/or device 'xc7a35t'
INFO: [Vivado_Tcl 4-383] Design worst setup slack (WNS) is greater than or equal to 0.250 ns. Skipping all physical synthesis optimizations.
INFO: [Vivado_Tcl 4-232] No setup violation found. The netlist was not modified.
INFO: [Common 17-83] Releasing license: Implementation
4 Infos, 0 Warnings, 0 Critical Warnings and 0 Errors encountered.
phys_opt_design completed successfully
INFO: [Common 17-600] The following parameters have non-default value.
general.maxThreads
# write_checkpoint -force $outputDir/post_place
Netlist sorting complete. Time (s): cpu = 00:00:00 ; elapsed = 00:00:00 . Memory (MB): peak = 2275.973 ; gain = 0.000 ; free physical = 1292 ; free virtual = 5715
INFO: [Timing 38-480] Writing timing data to binary archive.
Writing placer database...
Writing XDEF routing.
Writing XDEF routing logical nets.
Writing XDEF routing special nets.
Write XDEF Complete: Time (s): cpu = 00:00:00.02 ; elapsed = 00:00:00.02 . Memory (MB): peak = 2287.848 ; gain = 0.000 ; free physical = 1290 ; free virtual = 5715
INFO: [Common 17-1381] The checkpoint '/home/jianq/Documents/FYP/Lab_sessions/demo2/demo2_Output/post_place.dcp' has been generated.
# route_design
Command: route_design
Attempting to get a license for feature 'Implementation' and/or device 'xc7a35t'
INFO: [Common 17-349] Got license for feature 'Implementation' and/or device 'xc7a35t'
Running DRC as a precondition to command route_design
INFO: [Vivado_Tcl 4-198] DRC finished with 0 Errors
INFO: [Vivado_Tcl 4-199] Please refer to the DRC report (report_drc) for more information.


Starting Routing Task
Checksum: PlaceDB: 8d5ead19 ConstDB: 0 ShapeSum: d7a38c7 RouteDB: 0

Phase 1 Build RT Design
Phase 1 Build RT Design | Checksum: 73459789

Time (s): cpu = 00:00:11 ; elapsed = 00:00:12 . Memory (MB): peak = 2383.457 ; gain = 89.672 ; free physical = 1163 ; free virtual = 5589
Post Restoration Checksum: NetGraph: 4ff660db NumContArr: 234f36ae Constraints: 0 Timing: 0

Phase 2 Router Initialization

Phase 2.1 Create Timer
Phase 2.1 Create Timer | Checksum: 73459789

Time (s): cpu = 00:00:11 ; elapsed = 00:00:12 . Memory (MB): peak = 2383.457 ; gain = 89.672 ; free physical = 1164 ; free virtual = 5590

Phase 2.2 Fix Topology Constraints
Phase 2.2 Fix Topology Constraints | Checksum: 73459789

Time (s): cpu = 00:00:11 ; elapsed = 00:00:12 . Memory (MB): peak = 2387.457 ; gain = 93.672 ; free physical = 1160 ; free virtual = 5586

Phase 2.3 Pre Route Cleanup
Phase 2.3 Pre Route Cleanup | Checksum: 73459789

Time (s): cpu = 00:00:11 ; elapsed = 00:00:12 . Memory (MB): peak = 2387.457 ; gain = 93.672 ; free physical = 1160 ; free virtual = 5586
 Number of Nodes with overlaps = 0

Phase 2.4 Update Timing
Phase 2.4 Update Timing | Checksum: 1b3eb2b4f

Time (s): cpu = 00:00:12 ; elapsed = 00:00:12 . Memory (MB): peak = 2393.457 ; gain = 99.672 ; free physical = 1152 ; free virtual = 5579
INFO: [Route 35-416] Intermediate Timing Summary | WNS=4.082  | TNS=0.000  | WHS=-0.016 | THS=-0.205 |

Phase 2 Router Initialization | Checksum: 2754ec20d

Time (s): cpu = 00:00:12 ; elapsed = 00:00:12 . Memory (MB): peak = 2393.457 ; gain = 99.672 ; free physical = 1152 ; free virtual = 5579

Router Utilization Summary
  Global Vertical Routing Utilization    = 0.0024715 %
  Global Horizontal Routing Utilization  = 0.00169183 %
  Routable Net Status*
  *Does not include unroutable nets such as driverless and loadless.
  Run report_route_status for detailed report.
  Number of Failed Nets               = 240
    (Failed Nets is the sum of unrouted and partially routed nets)
  Number of Unrouted Nets             = 239
  Number of Partially Routed Nets     = 1
  Number of Node Overlaps             = 0


Phase 3 Initial Routing
Phase 3 Initial Routing | Checksum: 19b1bda5d

Time (s): cpu = 00:00:12 ; elapsed = 00:00:12 . Memory (MB): peak = 2395.457 ; gain = 101.672 ; free physical = 1155 ; free virtual = 5581

Phase 4 Rip-up And Reroute

Phase 4.1 Global Iteration 0
 Number of Nodes with overlaps = 14
 Number of Nodes with overlaps = 0
INFO: [Route 35-416] Intermediate Timing Summary | WNS=4.084  | TNS=0.000  | WHS=N/A    | THS=N/A    |

Phase 4.1 Global Iteration 0 | Checksum: 1039cbd2a

Time (s): cpu = 00:00:12 ; elapsed = 00:00:12 . Memory (MB): peak = 2395.457 ; gain = 101.672 ; free physical = 1158 ; free virtual = 5584
Phase 4 Rip-up And Reroute | Checksum: 1039cbd2a

Time (s): cpu = 00:00:12 ; elapsed = 00:00:12 . Memory (MB): peak = 2395.457 ; gain = 101.672 ; free physical = 1158 ; free virtual = 5584

Phase 5 Delay and Skew Optimization

Phase 5.1 Delay CleanUp
Phase 5.1 Delay CleanUp | Checksum: 1039cbd2a

Time (s): cpu = 00:00:12 ; elapsed = 00:00:12 . Memory (MB): peak = 2395.457 ; gain = 101.672 ; free physical = 1158 ; free virtual = 5584

Phase 5.2 Clock Skew Optimization
Phase 5.2 Clock Skew Optimization | Checksum: 1039cbd2a

Time (s): cpu = 00:00:12 ; elapsed = 00:00:12 . Memory (MB): peak = 2395.457 ; gain = 101.672 ; free physical = 1158 ; free virtual = 5584
Phase 5 Delay and Skew Optimization | Checksum: 1039cbd2a

Time (s): cpu = 00:00:12 ; elapsed = 00:00:12 . Memory (MB): peak = 2395.457 ; gain = 101.672 ; free physical = 1158 ; free virtual = 5584

Phase 6 Post Hold Fix

Phase 6.1 Hold Fix Iter

Phase 6.1.1 Update Timing
Phase 6.1.1 Update Timing | Checksum: ccf912c2

Time (s): cpu = 00:00:12 ; elapsed = 00:00:12 . Memory (MB): peak = 2395.457 ; gain = 101.672 ; free physical = 1158 ; free virtual = 5584
INFO: [Route 35-416] Intermediate Timing Summary | WNS=4.177  | TNS=0.000  | WHS=0.247  | THS=0.000  |

Phase 6.1 Hold Fix Iter | Checksum: ccf912c2

Time (s): cpu = 00:00:12 ; elapsed = 00:00:12 . Memory (MB): peak = 2395.457 ; gain = 101.672 ; free physical = 1158 ; free virtual = 5584
Phase 6 Post Hold Fix | Checksum: ccf912c2

Time (s): cpu = 00:00:12 ; elapsed = 00:00:12 . Memory (MB): peak = 2395.457 ; gain = 101.672 ; free physical = 1158 ; free virtual = 5584

Phase 7 Route finalize

Router Utilization Summary
  Global Vertical Routing Utilization    = 0.0700789 %
  Global Horizontal Routing Utilization  = 0.0784748 %
  Routable Net Status*
  *Does not include unroutable nets such as driverless and loadless.
  Run report_route_status for detailed report.
  Number of Failed Nets               = 0
    (Failed Nets is the sum of unrouted and partially routed nets)
  Number of Unrouted Nets             = 0
  Number of Partially Routed Nets     = 0
  Number of Node Overlaps             = 0

Phase 7 Route finalize | Checksum: 167353bf9

Time (s): cpu = 00:00:12 ; elapsed = 00:00:12 . Memory (MB): peak = 2395.457 ; gain = 101.672 ; free physical = 1157 ; free virtual = 5584

Phase 8 Verifying routed nets

 Verification completed successfully
Phase 8 Verifying routed nets | Checksum: 167353bf9

Time (s): cpu = 00:00:12 ; elapsed = 00:00:12 . Memory (MB): peak = 2395.457 ; gain = 101.672 ; free physical = 1155 ; free virtual = 5582

Phase 9 Depositing Routes
Phase 9 Depositing Routes | Checksum: 16594c95b

Time (s): cpu = 00:00:12 ; elapsed = 00:00:12 . Memory (MB): peak = 2395.457 ; gain = 101.672 ; free physical = 1155 ; free virtual = 5582

Phase 10 Post Router Timing
INFO: [Route 35-57] Estimated Timing Summary | WNS=4.177  | TNS=0.000  | WHS=0.247  | THS=0.000  |

INFO: [Route 35-327] The final timing numbers are based on the router estimated timing analysis. For a complete and accurate timing signoff, please run report_timing_summary.
Phase 10 Post Router Timing | Checksum: 16594c95b

Time (s): cpu = 00:00:12 ; elapsed = 00:00:12 . Memory (MB): peak = 2395.457 ; gain = 101.672 ; free physical = 1155 ; free virtual = 5582
INFO: [Route 35-16] Router Completed Successfully

Time (s): cpu = 00:00:12 ; elapsed = 00:00:12 . Memory (MB): peak = 2414.301 ; gain = 120.516 ; free physical = 1161 ; free virtual = 5588

Routing Is Done.
INFO: [Common 17-83] Releasing license: Implementation
10 Infos, 0 Warnings, 0 Critical Warnings and 0 Errors encountered.
route_design completed successfully
route_design: Time (s): cpu = 00:00:12 ; elapsed = 00:00:13 . Memory (MB): peak = 2414.301 ; gain = 126.453 ; free physical = 1161 ; free virtual = 5588
INFO: [Common 17-600] The following parameters have non-default value.
general.maxThreads
# write_checkpoint -force $outputDir/post_route
Netlist sorting complete. Time (s): cpu = 00:00:00.01 ; elapsed = 00:00:00 . Memory (MB): peak = 2414.301 ; gain = 0.000 ; free physical = 1161 ; free virtual = 5588
INFO: [Timing 38-480] Writing timing data to binary archive.
Writing placer database...
Writing XDEF routing.
Writing XDEF routing logical nets.
Writing XDEF routing special nets.
Write XDEF Complete: Time (s): cpu = 00:00:00.02 ; elapsed = 00:00:00.03 . Memory (MB): peak = 2414.301 ; gain = 0.000 ; free physical = 1161 ; free virtual = 5589
INFO: [Common 17-1381] The checkpoint '/home/jianq/Documents/FYP/Lab_sessions/demo2/demo2_Output/post_route.dcp' has been generated.
# write_verilog -force $outputDir/ass2_impl_netlist.v
# write_xdc -no_fixed_only -force $outputDir/ass2_impl.xdc
# write_bitstream -force $outputDir/demo2.bit
Command: write_bitstream -force ./demo2_Output/demo2.bit
Attempting to get a license for feature 'Implementation' and/or device 'xc7a35t'
INFO: [Common 17-349] Got license for feature 'Implementation' and/or device 'xc7a35t'
Running DRC as a precondition to command write_bitstream
INFO: [IP_Flow 19-234] Refreshing IP repositories
INFO: [IP_Flow 19-1704] No user IP repositories specified
INFO: [IP_Flow 19-2313] Loaded Vivado IP repository '/home/jianq/Vivado/Vivado/2019.1/data/ip'.
WARNING: [DRC CFGBVS-1] Missing CFGBVS and CONFIG_VOLTAGE Design Properties: Neither the CFGBVS nor CONFIG_VOLTAGE voltage property is set in the current_design.  Configuration bank voltage select (CFGBVS) must be set to VCCO or GND, and CONFIG_VOLTAGE must be set to the correct configuration voltage, in order to determine the I/O voltage support for the pins in bank 0.  It is suggested to specify these either using the 'Edit Device Properties' function in the GUI or directly in the XDC file using the following syntax:

 set_property CFGBVS value1 [current_design]
 #where value1 is either VCCO or GND

 set_property CONFIG_VOLTAGE value2 [current_design]
 #where value2 is the voltage provided to configuration bank 0

Refer to the device configuration user guide for more information.
INFO: [Vivado 12-3199] DRC finished with 0 Errors, 1 Warnings
INFO: [Vivado 12-3200] Please refer to the DRC report (report_drc) for more information.
Loading data files...
Loading site data...
Loading route data...
Processing options...
Creating bitmap...
Creating bitstream...
Writing bitstream ./demo2_Output/demo2.bit...
INFO: [Vivado 12-1842] Bitgen Completed Successfully.
INFO: [Project 1-120] WebTalk data collection is mandatory when using a WebPACK part without a full Vivado license. To see the specific WebTalk data collected for your design, open the usage_statistics_webtalk.html or usage_statistics_webtalk.xml file in the implementation directory.
INFO: [Common 17-83] Releasing license: Implementation
9 Infos, 1 Warnings, 0 Critical Warnings and 0 Errors encountered.
write_bitstream completed successfully
write_bitstream: Time (s): cpu = 00:00:08 ; elapsed = 00:00:13 . Memory (MB): peak = 2745.539 ; gain = 331.238 ; free physical = 1139 ; free virtual = 5568
# open_hw
# connect_hw_server
INFO: [Labtools 27-2285] Connecting to hw_server url TCP:localhost:3121
INFO: [Labtools 27-2222] Launching hw_server...
INFO: [Labtools 27-2221] Launch Output:

****** Xilinx hw_server v2019.1
  **** Build date : May 24 2019 at 15:06:40
    ** Copyright 1986-2019 Xilinx, Inc. All Rights Reserved.


# open_hw_target
INFO: [Labtoolstcl 44-466] Opening hw_target localhost:3121/xilinx_tcf/Digilent/210183756824A
# current_hw_device [lindex [get_hw_devices] 0]
# refresh_hw_device -update_hw_probes false [current_hw_device]
INFO: [Labtools 27-1434] Device xc7a35t (JTAG device index = 0) is programmed with a design that has no supported debug core(s) in it.
# set_property PROGRAM.FILE {./demo2_Output/demo2.bit} [lindex [get_hw_devices] 0]
# program_hw_devices [lindex [get_hw_devices] 0]
INFO: [Labtools 27-3164] End of startup status: HIGH
# exit
INFO: [Common 17-206] Exiting Vivado at Fri Nov 10 18:44:52 2023...
