#-----------------------------------------------------------
# Vivado v2019.1 (64-bit)
# SW Build 2552052 on Fri May 24 14:47:09 MDT 2019
# IP Build 2548770 on Fri May 24 18:01:18 MDT 2019
# Start of session at: Fri Nov 10 18:42:35 2023
# Process ID: 3307790
# Current directory: /home/jianq/Documents/FYP/Lab_sessions/demo2
# Command line: vivado -mode tcl -source demo2.tcl
# Log file: /home/jianq/Documents/FYP/Lab_sessions/demo2/vivado.log
# Journal file: /home/jianq/Documents/FYP/Lab_sessions/demo2/vivado.jou
#-----------------------------------------------------------
source demo2.tcl
# set outputDir ./demo2_Output
# file mkdir $outputDir
# set_part "xc7a35tcpg236-1"
INFO: [Coretcl 2-1500] The part has been set to 'xc7a35tcpg236-1' for the current project only. Run set_part -help for more details. To evaluate different speed grades in the current design, use the set_speed_grade command, or use the open_checkpoint -part command to change the part used by an existing checkpoint design.
# set_param general.maxThreads 1
# read_verilog  [ glob ./Lab1_Assignment1.srcs/sources_1/new/*.v ]
# read_xdc ./Lab1_Assignment1.srcs/constrs_1/new/contraints.xdc
# synth_design -top Top_Student   
Command: synth_design -top Top_Student
Starting synth_design
Using part: xc7a35tcpg236-1
Attempting to get a license for feature 'Synthesis' and/or device 'xc7a35t'
INFO: [Common 17-349] Got license for feature 'Synthesis' and/or device 'xc7a35t'
INFO: [Device 21-403] Loading part xc7a35tcpg236-1
INFO: Launching helper process for spawning children vivado processes
INFO: Helper process launched with PID 3309065 
---------------------------------------------------------------------------------
Starting RTL Elaboration : Time (s): cpu = 00:00:02 ; elapsed = 00:00:04 . Memory (MB): peak = 1652.762 ; gain = 154.719 ; free physical = 1686 ; free virtual = 6206
---------------------------------------------------------------------------------
INFO: [Synth 8-6157] synthesizing module 'Top_Student' [/home/jianq/Documents/FYP/Lab_sessions/demo2/Lab1_Assignment1.srcs/sources_1/new/Top_Student.v:18]
INFO: [Synth 8-6157] synthesizing module 'varclock' [/home/jianq/Documents/FYP/Lab_sessions/demo2/Lab1_Assignment1.srcs/sources_1/new/ADJ_CLOCK.v:23]
INFO: [Synth 8-6155] done synthesizing module 'varclock' (1#1) [/home/jianq/Documents/FYP/Lab_sessions/demo2/Lab1_Assignment1.srcs/sources_1/new/ADJ_CLOCK.v:23]
INFO: [Synth 8-6157] synthesizing module 'seven_seg' [/home/jianq/Documents/FYP/Lab_sessions/demo2/Lab1_Assignment1.srcs/sources_1/new/seven_seg.v:23]
WARNING: [Synth 8-6014] Unused sequential element ones_reg was removed.  [/home/jianq/Documents/FYP/Lab_sessions/demo2/Lab1_Assignment1.srcs/sources_1/new/seven_seg.v:40]
WARNING: [Synth 8-6014] Unused sequential element tens_reg was removed.  [/home/jianq/Documents/FYP/Lab_sessions/demo2/Lab1_Assignment1.srcs/sources_1/new/seven_seg.v:41]
WARNING: [Synth 8-6014] Unused sequential element hundreds_reg was removed.  [/home/jianq/Documents/FYP/Lab_sessions/demo2/Lab1_Assignment1.srcs/sources_1/new/seven_seg.v:42]
WARNING: [Synth 8-6014] Unused sequential element thousands_reg was removed.  [/home/jianq/Documents/FYP/Lab_sessions/demo2/Lab1_Assignment1.srcs/sources_1/new/seven_seg.v:43]
INFO: [Synth 8-6155] done synthesizing module 'seven_seg' (2#1) [/home/jianq/Documents/FYP/Lab_sessions/demo2/Lab1_Assignment1.srcs/sources_1/new/seven_seg.v:23]
INFO: [Synth 8-6155] done synthesizing module 'Top_Student' (3#1) [/home/jianq/Documents/FYP/Lab_sessions/demo2/Lab1_Assignment1.srcs/sources_1/new/Top_Student.v:18]
---------------------------------------------------------------------------------
Finished RTL Elaboration : Time (s): cpu = 00:00:03 ; elapsed = 00:00:05 . Memory (MB): peak = 1706.512 ; gain = 208.469 ; free physical = 1704 ; free virtual = 6226
---------------------------------------------------------------------------------

Report Check Netlist: 
+------+------------------+-------+---------+-------+------------------+
|      |Item              |Errors |Warnings |Status |Description       |
+------+------------------+-------+---------+-------+------------------+
|1     |multi_driven_nets |      0|        0|Passed |Multi driven nets |
+------+------------------+-------+---------+-------+------------------+
---------------------------------------------------------------------------------
Start Handling Custom Attributes
---------------------------------------------------------------------------------
---------------------------------------------------------------------------------
Finished Handling Custom Attributes : Time (s): cpu = 00:00:03 ; elapsed = 00:00:05 . Memory (MB): peak = 1709.480 ; gain = 211.438 ; free physical = 1700 ; free virtual = 6222
---------------------------------------------------------------------------------
---------------------------------------------------------------------------------
Finished RTL Optimization Phase 1 : Time (s): cpu = 00:00:03 ; elapsed = 00:00:05 . Memory (MB): peak = 1709.480 ; gain = 211.438 ; free physical = 1700 ; free virtual = 6222
---------------------------------------------------------------------------------
INFO: [Project 1-570] Preparing netlist for logic optimization

Processing XDC Constraints
Initializing timing engine
Parsing XDC File [/home/jianq/Documents/FYP/Lab_sessions/demo2/Lab1_Assignment1.srcs/constrs_1/new/contraints.xdc]
Finished Parsing XDC File [/home/jianq/Documents/FYP/Lab_sessions/demo2/Lab1_Assignment1.srcs/constrs_1/new/contraints.xdc]
INFO: [Project 1-236] Implementation specific constraints were found while reading constraint file [/home/jianq/Documents/FYP/Lab_sessions/demo2/Lab1_Assignment1.srcs/constrs_1/new/contraints.xdc]. These constraints will be ignored for synthesis but will be used in implementation. Impacted constraints are listed in the file [.Xil/Top_Student_propImpl.xdc].
Resolution: To avoid this warning, move constraints listed in [.Xil/Top_Student_propImpl.xdc] to another XDC file and exclude this new file from synthesis with the used_in_synthesis property (File Properties dialog in GUI) and re-run elaboration/synthesis.
Completed Processing XDC Constraints

Netlist sorting complete. Time (s): cpu = 00:00:00 ; elapsed = 00:00:00 . Memory (MB): peak = 1823.172 ; gain = 0.000 ; free physical = 1612 ; free virtual = 6134
INFO: [Project 1-111] Unisim Transformation Summary:
No Unisim elements were transformed.

Constraint Validation Runtime : Time (s): cpu = 00:00:00 ; elapsed = 00:00:00 . Memory (MB): peak = 1823.172 ; gain = 0.000 ; free physical = 1612 ; free virtual = 6134
---------------------------------------------------------------------------------
Finished Constraint Validation : Time (s): cpu = 00:00:07 ; elapsed = 00:00:11 . Memory (MB): peak = 1823.172 ; gain = 325.129 ; free physical = 1678 ; free virtual = 6201
---------------------------------------------------------------------------------
---------------------------------------------------------------------------------
Start Loading Part and Timing Information
---------------------------------------------------------------------------------
Loading part: xc7a35tcpg236-1
---------------------------------------------------------------------------------
Finished Loading Part and Timing Information : Time (s): cpu = 00:00:07 ; elapsed = 00:00:11 . Memory (MB): peak = 1823.172 ; gain = 325.129 ; free physical = 1678 ; free virtual = 6201
---------------------------------------------------------------------------------
---------------------------------------------------------------------------------
Start Applying 'set_property' XDC Constraints
---------------------------------------------------------------------------------
---------------------------------------------------------------------------------
Finished applying 'set_property' XDC Constraints : Time (s): cpu = 00:00:07 ; elapsed = 00:00:11 . Memory (MB): peak = 1823.172 ; gain = 325.129 ; free physical = 1681 ; free virtual = 6203
---------------------------------------------------------------------------------
INFO: [Synth 8-5544] ROM "seven_segment" won't be mapped to Block RAM because address size (4) smaller than threshold (5)
INFO: [Synth 8-5544] ROM "seven_segment" won't be mapped to Block RAM because address size (4) smaller than threshold (5)
INFO: [Synth 8-5544] ROM "seven_segment" won't be mapped to Block RAM because address size (4) smaller than threshold (5)
INFO: [Synth 8-5544] ROM "seven_segment" won't be mapped to Block RAM because address size (4) smaller than threshold (5)
---------------------------------------------------------------------------------
Finished RTL Optimization Phase 2 : Time (s): cpu = 00:00:08 ; elapsed = 00:00:12 . Memory (MB): peak = 1823.172 ; gain = 325.129 ; free physical = 1669 ; free virtual = 6192
---------------------------------------------------------------------------------

Report RTL Partitions: 
+-+--------------+------------+----------+
| |RTL Partition |Replication |Instances |
+-+--------------+------------+----------+
+-+--------------+------------+----------+
---------------------------------------------------------------------------------
Start RTL Component Statistics 
---------------------------------------------------------------------------------
Detailed RTL Component Info : 
+---Adders : 
	   2 Input     33 Bit       Adders := 1     
	   2 Input      2 Bit       Adders := 1     
+---Registers : 
	               10 Bit    Registers := 1     
	                7 Bit    Registers := 1     
	                2 Bit    Registers := 1     
	                1 Bit    Registers := 5     
+---Muxes : 
	  14 Input      7 Bit        Muxes := 1     
	   4 Input      1 Bit        Muxes := 1     
	   2 Input      1 Bit        Muxes := 5     
---------------------------------------------------------------------------------
Finished RTL Component Statistics 
---------------------------------------------------------------------------------
---------------------------------------------------------------------------------
Start RTL Hierarchical Component Statistics 
---------------------------------------------------------------------------------
Hierarchical RTL Component report 
Module Top_Student 
Detailed RTL Component Info : 
+---Registers : 
	               10 Bit    Registers := 1     
Module varclock 
Detailed RTL Component Info : 
+---Adders : 
	   2 Input     33 Bit       Adders := 1     
+---Registers : 
	                1 Bit    Registers := 1     
Module seven_seg 
Detailed RTL Component Info : 
+---Adders : 
	   2 Input      2 Bit       Adders := 1     
+---Registers : 
	                7 Bit    Registers := 1     
	                2 Bit    Registers := 1     
	                1 Bit    Registers := 4     
+---Muxes : 
	  14 Input      7 Bit        Muxes := 1     
	   4 Input      1 Bit        Muxes := 1     
	   2 Input      1 Bit        Muxes := 5     
---------------------------------------------------------------------------------
Finished RTL Hierarchical Component Statistics
---------------------------------------------------------------------------------
---------------------------------------------------------------------------------
Start Part Resource Summary
---------------------------------------------------------------------------------
Part Resources:
DSPs: 90 (col length:60)
BRAMs: 100 (col length: RAMB18 60 RAMB36 30)
---------------------------------------------------------------------------------
Finished Part Resource Summary
---------------------------------------------------------------------------------
---------------------------------------------------------------------------------
Start Cross Boundary and Area Optimization
---------------------------------------------------------------------------------
Warning: Parallel synthesis criteria is not met 
INFO: [Synth 8-3886] merging instance 'decimal_reg[8]' (FD) to 'decimal_reg[9]'
INFO: [Synth 8-3333] propagating constant 0 across sequential element (\decimal_reg[9] )
---------------------------------------------------------------------------------
Finished Cross Boundary and Area Optimization : Time (s): cpu = 00:00:10 ; elapsed = 00:00:14 . Memory (MB): peak = 1823.172 ; gain = 325.129 ; free physical = 1655 ; free virtual = 6181
---------------------------------------------------------------------------------

Report RTL Partitions: 
+-+--------------+------------+----------+
| |RTL Partition |Replication |Instances |
+-+--------------+------------+----------+
+-+--------------+------------+----------+
---------------------------------------------------------------------------------
Start Applying XDC Timing Constraints
---------------------------------------------------------------------------------
---------------------------------------------------------------------------------
Finished Applying XDC Timing Constraints : Time (s): cpu = 00:00:14 ; elapsed = 00:00:19 . Memory (MB): peak = 1823.172 ; gain = 325.129 ; free physical = 1536 ; free virtual = 6063
---------------------------------------------------------------------------------
---------------------------------------------------------------------------------
Start Timing Optimization
---------------------------------------------------------------------------------
---------------------------------------------------------------------------------
Finished Timing Optimization : Time (s): cpu = 00:00:14 ; elapsed = 00:00:19 . Memory (MB): peak = 1823.172 ; gain = 325.129 ; free physical = 1534 ; free virtual = 6061
---------------------------------------------------------------------------------

Report RTL Partitions: 
+-+--------------+------------+----------+
| |RTL Partition |Replication |Instances |
+-+--------------+------------+----------+
+-+--------------+------------+----------+
---------------------------------------------------------------------------------
Start Technology Mapping
---------------------------------------------------------------------------------
---------------------------------------------------------------------------------
Finished Technology Mapping : Time (s): cpu = 00:00:14 ; elapsed = 00:00:19 . Memory (MB): peak = 1823.172 ; gain = 325.129 ; free physical = 1530 ; free virtual = 6057
---------------------------------------------------------------------------------

Report RTL Partitions: 
+-+--------------+------------+----------+
| |RTL Partition |Replication |Instances |
+-+--------------+------------+----------+
+-+--------------+------------+----------+
---------------------------------------------------------------------------------
Start IO Insertion
---------------------------------------------------------------------------------
---------------------------------------------------------------------------------
Start Flattening Before IO Insertion
---------------------------------------------------------------------------------
---------------------------------------------------------------------------------
Finished Flattening Before IO Insertion
---------------------------------------------------------------------------------
---------------------------------------------------------------------------------
Start Final Netlist Cleanup
---------------------------------------------------------------------------------
---------------------------------------------------------------------------------
Finished Final Netlist Cleanup
---------------------------------------------------------------------------------
---------------------------------------------------------------------------------
Finished IO Insertion : Time (s): cpu = 00:00:16 ; elapsed = 00:00:20 . Memory (MB): peak = 1823.172 ; gain = 325.129 ; free physical = 1529 ; free virtual = 6056
---------------------------------------------------------------------------------

Report Check Netlist: 
+------+------------------+-------+---------+-------+------------------+
|      |Item              |Errors |Warnings |Status |Description       |
+------+------------------+-------+---------+-------+------------------+
|1     |multi_driven_nets |      0|        0|Passed |Multi driven nets |
+------+------------------+-------+---------+-------+------------------+
---------------------------------------------------------------------------------
Start Renaming Generated Instances
---------------------------------------------------------------------------------
---------------------------------------------------------------------------------
Finished Renaming Generated Instances : Time (s): cpu = 00:00:16 ; elapsed = 00:00:20 . Memory (MB): peak = 1823.172 ; gain = 325.129 ; free physical = 1529 ; free virtual = 6056
---------------------------------------------------------------------------------

Report RTL Partitions: 
+-+--------------+------------+----------+
| |RTL Partition |Replication |Instances |
+-+--------------+------------+----------+
+-+--------------+------------+----------+
---------------------------------------------------------------------------------
Start Rebuilding User Hierarchy
---------------------------------------------------------------------------------
---------------------------------------------------------------------------------
Finished Rebuilding User Hierarchy : Time (s): cpu = 00:00:16 ; elapsed = 00:00:20 . Memory (MB): peak = 1823.172 ; gain = 325.129 ; free physical = 1529 ; free virtual = 6056
---------------------------------------------------------------------------------
---------------------------------------------------------------------------------
Start Renaming Generated Ports
---------------------------------------------------------------------------------
---------------------------------------------------------------------------------
Finished Renaming Generated Ports : Time (s): cpu = 00:00:16 ; elapsed = 00:00:20 . Memory (MB): peak = 1823.172 ; gain = 325.129 ; free physical = 1529 ; free virtual = 6056
---------------------------------------------------------------------------------
---------------------------------------------------------------------------------
Start Handling Custom Attributes
---------------------------------------------------------------------------------
---------------------------------------------------------------------------------
Finished Handling Custom Attributes : Time (s): cpu = 00:00:16 ; elapsed = 00:00:20 . Memory (MB): peak = 1823.172 ; gain = 325.129 ; free physical = 1529 ; free virtual = 6056
---------------------------------------------------------------------------------
---------------------------------------------------------------------------------
Start Renaming Generated Nets
---------------------------------------------------------------------------------
---------------------------------------------------------------------------------
Finished Renaming Generated Nets : Time (s): cpu = 00:00:16 ; elapsed = 00:00:20 . Memory (MB): peak = 1823.172 ; gain = 325.129 ; free physical = 1529 ; free virtual = 6056
---------------------------------------------------------------------------------
---------------------------------------------------------------------------------
Start Writing Synthesis Report
---------------------------------------------------------------------------------

Report BlackBoxes: 
+-+--------------+----------+
| |BlackBox name |Instances |
+-+--------------+----------+
+-+--------------+----------+

Report Cell Usage: 
+------+-------+------+
|      |Cell   |Count |
+------+-------+------+
|1     |BUFG   |     1|
|2     |CARRY4 |    22|
|3     |LUT1   |     3|
|4     |LUT2   |    19|
|5     |LUT3   |     9|
|6     |LUT4   |     3|
|7     |LUT5   |     3|
|8     |LUT6   |    41|
|9     |MUXF7  |     1|
|10    |FDRE   |    52|
|11    |FDSE   |     3|
|12    |IBUF   |    17|
|13    |OBUF   |    27|
+------+-------+------+

Report Instance Areas: 
+------+------------+----------+------+
|      |Instance    |Module    |Cells |
+------+------------+----------+------+
|1     |top         |          |   201|
|2     |  display   |seven_seg |    88|
|3     |  slowclock |varclock  |    60|
+------+------------+----------+------+
---------------------------------------------------------------------------------
Finished Writing Synthesis Report : Time (s): cpu = 00:00:16 ; elapsed = 00:00:20 . Memory (MB): peak = 1823.172 ; gain = 325.129 ; free physical = 1529 ; free virtual = 6056
---------------------------------------------------------------------------------
Synthesis finished with 0 errors, 0 critical warnings and 0 warnings.
Synthesis Optimization Runtime : Time (s): cpu = 00:00:14 ; elapsed = 00:00:18 . Memory (MB): peak = 1823.172 ; gain = 211.438 ; free physical = 1579 ; free virtual = 6106
Synthesis Optimization Complete : Time (s): cpu = 00:00:16 ; elapsed = 00:00:20 . Memory (MB): peak = 1823.180 ; gain = 325.129 ; free physical = 1579 ; free virtual = 6106
INFO: [Project 1-571] Translating synthesized netlist
INFO: [Netlist 29-17] Analyzing 23 Unisim elements for replacement
INFO: [Netlist 29-28] Unisim Transformation completed in 0 CPU seconds
INFO: [Project 1-570] Preparing netlist for logic optimization
Parsing XDC File [/home/jianq/Documents/FYP/Lab_sessions/demo2/Lab1_Assignment1.srcs/constrs_1/new/contraints.xdc]
Finished Parsing XDC File [/home/jianq/Documents/FYP/Lab_sessions/demo2/Lab1_Assignment1.srcs/constrs_1/new/contraints.xdc]
INFO: [Opt 31-138] Pushed 0 inverter(s) to 0 load pin(s).
Netlist sorting complete. Time (s): cpu = 00:00:00 ; elapsed = 00:00:00 . Memory (MB): peak = 1834.078 ; gain = 0.000 ; free physical = 1528 ; free virtual = 6056
INFO: [Project 1-111] Unisim Transformation Summary:
No Unisim elements were transformed.

INFO: [Common 17-83] Releasing license: Synthesis
24 Infos, 4 Warnings, 0 Critical Warnings and 0 Errors encountered.
synth_design completed successfully
synth_design: Time (s): cpu = 00:00:19 ; elapsed = 00:00:24 . Memory (MB): peak = 1834.078 ; gain = 472.348 ; free physical = 1626 ; free virtual = 6154
INFO: [Common 17-600] The following parameters have non-default value.
general.maxThreads
# write_checkpoint -force $outputDir/post_synth
Netlist sorting complete. Time (s): cpu = 00:00:00 ; elapsed = 00:00:00 . Memory (MB): peak = 1834.078 ; gain = 0.000 ; free physical = 1626 ; free virtual = 6154
INFO: [Timing 38-480] Writing timing data to binary archive.
Writing placer database...
Writing XDEF routing.
Writing XDEF routing logical nets.
Writing XDEF routing special nets.
Write XDEF Complete: Time (s): cpu = 00:00:00.01 ; elapsed = 00:00:00.02 . Memory (MB): peak = 1834.078 ; gain = 0.000 ; free physical = 1629 ; free virtual = 6157
INFO: [Common 17-1381] The checkpoint '/home/jianq/Documents/FYP/Lab_sessions/demo2/demo2_Output/post_synth.dcp' has been generated.
# report_timing_summary -file $outputDir/post_synth_timing_summary.rpt
INFO: [Timing 38-35] Done setting XDC timing constraints.
INFO: [Timing 38-91] UpdateTimingParams: Speed grade: -1, Delay Type: min_max.
# report_power -file $outputDir/post_synth_power.rpt
Command: report_power -file ./demo2_Output/post_synth_power.rpt
Running Vector-less Activity Propagation...

Finished Running Vector-less Activity Propagation
0 Infos, 0 Warnings, 0 Critical Warnings and 0 Errors encountered.
report_power completed successfully
# report_clock_interaction -delay_type min_max -file $outputDir/post_synth_clock_interaction.rpt
INFO: [Timing 38-91] UpdateTimingParams: Speed grade: -1, Delay Type: min_max.
# report_high_fanout_nets -fanout_greater_than 200 -max_nets 50 -file $outputDir/post_synth_high_fanout_nets.rpt
report_high_fanout_nets: Time (s): cpu = 00:00:00.05 ; elapsed = 00:00:00.14 . Memory (MB): peak = 2182.000 ; gain = 0.000 ; free physical = 1339 ; free virtual = 5867
# opt_design
Command: opt_design
Attempting to get a license for feature 'Implementation' and/or device 'xc7a35t'
INFO: [Common 17-349] Got license for feature 'Implementation' and/or device 'xc7a35t'
Running DRC as a precondition to command opt_design

Starting DRC Task
INFO: [Project 1-461] DRC finished with 0 Errors
INFO: [Project 1-462] Please refer to the DRC report (report_drc) for more information.

Time (s): cpu = 00:00:00.13 ; elapsed = 00:00:00.30 . Memory (MB): peak = 2182.000 ; gain = 0.000 ; free physical = 1329 ; free virtual = 5857

Starting Cache Timing Information Task
Ending Cache Timing Information Task | Checksum: 2599e64f3

Time (s): cpu = 00:00:00 ; elapsed = 00:00:00 . Memory (MB): peak = 2182.000 ; gain = 0.000 ; free physical = 1329 ; free virtual = 5857

Starting Logic Optimization Task

Phase 1 Retarget
INFO: [Opt 31-138] Pushed 0 inverter(s) to 0 load pin(s).
INFO: [Opt 31-49] Retargeted 0 cell(s).
Phase 1 Retarget | Checksum: 2599e64f3

Time (s): cpu = 00:00:00.01 ; elapsed = 00:00:00.02 . Memory (MB): peak = 2267.000 ; gain = 0.000 ; free physical = 1231 ; free virtual = 5759
INFO: [Opt 31-389] Phase Retarget created 0 cells and removed 0 cells

Phase 2 Constant propagation
INFO: [Opt 31-138] Pushed 0 inverter(s) to 0 load pin(s).
Phase 2 Constant propagation | Checksum: 2993acba3

Time (s): cpu = 00:00:00.01 ; elapsed = 00:00:00.02 . Memory (MB): peak = 2267.000 ; gain = 0.000 ; free physical = 1231 ; free virtual = 5759
INFO: [Opt 31-389] Phase Constant propagation created 0 cells and removed 0 cells

Phase 3 Sweep
Phase 3 Sweep | Checksum: 25e872966

Time (s): cpu = 00:00:00.02 ; elapsed = 00:00:00.03 . Memory (MB): peak = 2267.000 ; gain = 0.000 ; free physical = 1231 ; free virtual = 5759
INFO: [Opt 31-389] Phase Sweep created 0 cells and removed 0 cells

Phase 4 BUFG optimization
Phase 4 BUFG optimization | Checksum: 25e872966

Time (s): cpu = 00:00:00.02 ; elapsed = 00:00:00.03 . Memory (MB): peak = 2267.000 ; gain = 0.000 ; free physical = 1231 ; free virtual = 5759
INFO: [Opt 31-662] Phase BUFG optimization created 0 cells of which 0 are BUFGs and removed 0 cells.

Phase 5 Shift Register Optimization
INFO: [Opt 31-1064] SRL Remap converted 0 SRLs to 0 registers and converted 0 registers of register chains to 0 SRLs
Phase 5 Shift Register Optimization | Checksum: 25e872966

Time (s): cpu = 00:00:00.02 ; elapsed = 00:00:00.03 . Memory (MB): peak = 2267.000 ; gain = 0.000 ; free physical = 1231 ; free virtual = 5759
INFO: [Opt 31-389] Phase Shift Register Optimization created 0 cells and removed 0 cells

Phase 6 Post Processing Netlist
Phase 6 Post Processing Netlist | Checksum: 25e872966

Time (s): cpu = 00:00:00.02 ; elapsed = 00:00:00.04 . Memory (MB): peak = 2267.000 ; gain = 0.000 ; free physical = 1231 ; free virtual = 5759
INFO: [Opt 31-389] Phase Post Processing Netlist created 0 cells and removed 0 cells
Opt_design Change Summary
=========================


-------------------------------------------------------------------------------------------------------------------------
|  Phase                        |  #Cells created  |  #Cells Removed  |  #Constrained objects preventing optimizations  |
-------------------------------------------------------------------------------------------------------------------------
|  Retarget                     |               0  |               0  |                                              0  |
|  Constant propagation         |               0  |               0  |                                              0  |
|  Sweep                        |               0  |               0  |                                              0  |
|  BUFG optimization            |               0  |               0  |                                              0  |
|  Shift Register Optimization  |               0  |               0  |                                              0  |
|  Post Processing Netlist      |               0  |               0  |                                              0  |
-------------------------------------------------------------------------------------------------------------------------



Starting Connectivity Check Task

Time (s): cpu = 00:00:00 ; elapsed = 00:00:00 . Memory (MB): peak = 2267.000 ; gain = 0.000 ; free physical = 1231 ; free virtual = 5759
Ending Logic Optimization Task | Checksum: 1b6c93086

Time (s): cpu = 00:00:00.03 ; elapsed = 00:00:00.04 . Memory (MB): peak = 2267.000 ; gain = 0.000 ; free physical = 1230 ; free virtual = 5759

Starting Power Optimization Task
INFO: [Pwropt 34-132] Skipping clock gating for clocks with a period < 2.00 ns.
Ending Power Optimization Task | Checksum: 1b6c93086

Time (s): cpu = 00:00:00 ; elapsed = 00:00:00.02 . Memory (MB): peak = 2267.000 ; gain = 0.000 ; free physical = 1229 ; free virtual = 5757

Starting Final Cleanup Task
Ending Final Cleanup Task | Checksum: 1b6c93086

Time (s): cpu = 00:00:00 ; elapsed = 00:00:00 . Memory (MB): peak = 2267.000 ; gain = 0.000 ; free physical = 1229 ; free virtual = 5757

Starting Netlist Obfuscation Task
Netlist sorting complete. Time (s): cpu = 00:00:00 ; elapsed = 00:00:00 . Memory (MB): peak = 2267.000 ; gain = 0.000 ; free physical = 1229 ; free virtual = 5757
Ending Netlist Obfuscation Task | Checksum: 1b6c93086

Time (s): cpu = 00:00:00 ; elapsed = 00:00:00 . Memory (MB): peak = 2267.000 ; gain = 0.000 ; free physical = 1229 ; free virtual = 5757
INFO: [Common 17-83] Releasing license: Implementation
15 Infos, 0 Warnings, 0 Critical Warnings and 0 Errors encountered.
opt_design completed successfully
INFO: [Common 17-600] The following parameters have non-default value.
general.maxThreads
# place_design
Command: place_design
Attempting to get a license for feature 'Implementation' and/or device 'xc7a35t'
INFO: [Common 17-349] Got license for feature 'Implementation' and/or device 'xc7a35t'
INFO: [Vivado_Tcl 4-198] DRC finished with 0 Errors
INFO: [Vivado_Tcl 4-199] Please refer to the DRC report (report_drc) for more information.
Running DRC as a precondition to command place_design
INFO: [Vivado_Tcl 4-198] DRC finished with 0 Errors
INFO: [Vivado_Tcl 4-199] Please refer to the DRC report (report_drc) for more information.

Starting Placer Task

Phase 1 Placer Initialization

Phase 1.1 Placer Initialization Netlist Sorting
Netlist sorting complete. Time (s): cpu = 00:00:00 ; elapsed = 00:00:00 . Memory (MB): peak = 2267.000 ; gain = 0.000 ; free physical = 1225 ; free virtual = 5753
Phase 1.1 Placer Initialization Netlist Sorting | Checksum: 123e9fea9

Time (s): cpu = 00:00:00.01 ; elapsed = 00:00:00 . Memory (MB): peak = 2267.000 ; gain = 0.000 ; free physical = 1224 ; free virtual = 5753
Netlist sorting complete. Time (s): cpu = 00:00:00 ; elapsed = 00:00:00 . Memory (MB): peak = 2267.000 ; gain = 0.000 ; free physical = 1224 ; free virtual = 5753

Phase 1.2 IO Placement/ Clock Placement/ Build Placer Device
INFO: [Timing 38-35] Done setting XDC timing constraints.
Phase 1.2 IO Placement/ Clock Placement/ Build Placer Device | Checksum: d27885b6

Time (s): cpu = 00:00:00.37 ; elapsed = 00:00:00.38 . Memory (MB): peak = 2267.000 ; gain = 0.000 ; free physical = 1225 ; free virtual = 5753

Phase 1.3 Build Placer Netlist Model
Phase 1.3 Build Placer Netlist Model | Checksum: 1a70778d8

Time (s): cpu = 00:00:00.42 ; elapsed = 00:00:00.44 . Memory (MB): peak = 2267.000 ; gain = 0.000 ; free physical = 1223 ; free virtual = 5751

Phase 1.4 Constrain Clocks/Macros
Phase 1.4 Constrain Clocks/Macros | Checksum: 1a70778d8

Time (s): cpu = 00:00:00.42 ; elapsed = 00:00:00.44 . Memory (MB): peak = 2267.000 ; gain = 0.000 ; free physical = 1223 ; free virtual = 5751
Phase 1 Placer Initialization | Checksum: 1a70778d8

Time (s): cpu = 00:00:00.42 ; elapsed = 00:00:00.44 . Memory (MB): peak = 2267.000 ; gain = 0.000 ; free physical = 1223 ; free virtual = 5751

Phase 2 Global Placement

Phase 2.1 Floorplanning
Phase 2.1 Floorplanning | Checksum: 19b78a2b5

Time (s): cpu = 00:00:00.42 ; elapsed = 00:00:00.45 . Memory (MB): peak = 2267.000 ; gain = 0.000 ; free physical = 1223 ; free virtual = 5751

Phase 2.2 Global Placement Core

Phase 2.2.1 Physical Synthesis In Placer
INFO: [Physopt 32-65] No nets found for high-fanout optimization.
INFO: [Physopt 32-232] Optimized 0 net. Created 0 new instance.
INFO: [Physopt 32-775] End 1 Pass. Optimized 0 net or cell. Created 0 new cell, deleted 0 existing cell and moved 0 existing cell
INFO: [Physopt 32-670] No setup violation found.  DSP Register Optimization was not performed.
INFO: [Physopt 32-670] No setup violation found.  Shift Register Optimization was not performed.
INFO: [Physopt 32-670] No setup violation found.  BRAM Register Optimization was not performed.
INFO: [Physopt 32-949] No candidate nets found for HD net replication
INFO: [Physopt 32-775] End 1 Pass. Optimized 0 net or cell. Created 0 new cell, deleted 0 existing cell and moved 0 existing cell
Netlist sorting complete. Time (s): cpu = 00:00:00 ; elapsed = 00:00:00 . Memory (MB): peak = 2267.000 ; gain = 0.000 ; free physical = 1222 ; free virtual = 5750

Summary of Physical Synthesis Optimizations
============================================


----------------------------------------------------------------------------------------------------------------------------------------
|  Optimization                  |  Added Cells  |  Removed Cells  |  Optimized Cells/Nets  |  Dont Touch  |  Iterations  |  Elapsed   |
----------------------------------------------------------------------------------------------------------------------------------------
|  Very High Fanout              |            0  |              0  |                     0  |           0  |           1  |  00:00:00  |
|  DSP Register                  |            0  |              0  |                     0  |           0  |           0  |  00:00:00  |
|  Shift Register                |            0  |              0  |                     0  |           0  |           0  |  00:00:00  |
|  BRAM Register                 |            0  |              0  |                     0  |           0  |           0  |  00:00:00  |
|  HD Interface Net Replication  |            0  |              0  |                     0  |           0  |           1  |  00:00:00  |
|  Total                         |            0  |              0  |                     0  |           0  |           2  |  00:00:00  |
----------------------------------------------------------------------------------------------------------------------------------------


Phase 2.2.1 Physical Synthesis In Placer | Checksum: d2ae7ac7

Time (s): cpu = 00:00:00.61 ; elapsed = 00:00:00.70 . Memory (MB): peak = 2267.000 ; gain = 0.000 ; free physical = 1221 ; free virtual = 5750
Phase 2.2 Global Placement Core | Checksum: 1a3aac66e

Time (s): cpu = 00:00:00.62 ; elapsed = 00:00:00.72 . Memory (MB): peak = 2267.000 ; gain = 0.000 ; free physical = 1220 ; free virtual = 5749
Phase 2 Global Placement | Checksum: 1a3aac66e

Time (s): cpu = 00:00:00.62 ; elapsed = 00:00:00.72 . Memory (MB): peak = 2267.000 ; gain = 0.000 ; free physical = 1220 ; free virtual = 5749

Phase 3 Detail Placement

Phase 3.1 Commit Multi Column Macros
Phase 3.1 Commit Multi Column Macros | Checksum: 13e69c6ab

Time (s): cpu = 00:00:00.63 ; elapsed = 00:00:00.72 . Memory (MB): peak = 2267.000 ; gain = 0.000 ; free physical = 1220 ; free virtual = 5749

Phase 3.2 Commit Most Macros & LUTRAMs
Phase 3.2 Commit Most Macros & LUTRAMs | Checksum: 275321f6d

Time (s): cpu = 00:00:00.64 ; elapsed = 00:00:00.74 . Memory (MB): peak = 2267.000 ; gain = 0.000 ; free physical = 1225 ; free virtual = 5754

Phase 3.3 Area Swap Optimization
Phase 3.3 Area Swap Optimization | Checksum: 24bcdc627

Time (s): cpu = 00:00:00.65 ; elapsed = 00:00:00.74 . Memory (MB): peak = 2267.000 ; gain = 0.000 ; free physical = 1225 ; free virtual = 5754

Phase 3.4 Pipeline Register Optimization
Phase 3.4 Pipeline Register Optimization | Checksum: 21326295d

Time (s): cpu = 00:00:00.65 ; elapsed = 00:00:00.75 . Memory (MB): peak = 2267.000 ; gain = 0.000 ; free physical = 1225 ; free virtual = 5754

Phase 3.5 Small Shape Detail Placement
Phase 3.5 Small Shape Detail Placement | Checksum: 190ed7128

Time (s): cpu = 00:00:00.72 ; elapsed = 00:00:00.81 . Memory (MB): peak = 2267.000 ; gain = 0.000 ; free physical = 1219 ; free virtual = 5748

Phase 3.6 Re-assign LUT pins
Phase 3.6 Re-assign LUT pins | Checksum: 1e95f2885

Time (s): cpu = 00:00:00.72 ; elapsed = 00:00:00.82 . Memory (MB): peak = 2267.000 ; gain = 0.000 ; free physical = 1219 ; free virtual = 5748

Phase 3.7 Pipeline Register Optimization
Phase 3.7 Pipeline Register Optimization | Checksum: 2ac3887cb

Time (s): cpu = 00:00:00.72 ; elapsed = 00:00:00.82 . Memory (MB): peak = 2267.000 ; gain = 0.000 ; free physical = 1219 ; free virtual = 5748
Phase 3 Detail Placement | Checksum: 2ac3887cb

Time (s): cpu = 00:00:00.72 ; elapsed = 00:00:00.82 . Memory (MB): peak = 2267.000 ; gain = 0.000 ; free physical = 1219 ; free virtual = 5748

Phase 4 Post Placement Optimization and Clean-Up

Phase 4.1 Post Commit Optimization
INFO: [Timing 38-35] Done setting XDC timing constraints.

Phase 4.1.1 Post Placement Optimization
Post Placement Optimization Initialization | Checksum: 20d216c32

Phase 4.1.1.1 BUFG Insertion
INFO: [Place 46-56] BUFG insertion identified 0 candidate nets. Inserted BUFG: 0, Replicated BUFG Driver: 0, Skipped due to Placement/Routing Conflicts: 0, Skipped due to Timing Degradation: 0, Skipped due to Illegal Netlist: 0.
Phase 4.1.1.1 BUFG Insertion | Checksum: 20d216c32

Time (s): cpu = 00:00:00.77 ; elapsed = 00:00:00.88 . Memory (MB): peak = 2267.000 ; gain = 0.000 ; free physical = 1226 ; free virtual = 5755
INFO: [Place 30-746] Post Placement Timing Summary WNS=4.069. For the most accurate timing information please run report_timing.
Phase 4.1.1 Post Placement Optimization | Checksum: 262045caf

Time (s): cpu = 00:00:00.77 ; elapsed = 00:00:00.88 . Memory (MB): peak = 2267.000 ; gain = 0.000 ; free physical = 1226 ; free virtual = 5755
Phase 4.1 Post Commit Optimization | Checksum: 262045caf

Time (s): cpu = 00:00:00.77 ; elapsed = 00:00:00.88 . Memory (MB): peak = 2267.000 ; gain = 0.000 ; free physical = 1226 ; free virtual = 5755

Phase 4.2 Post Placement Cleanup
Phase 4.2 Post Placement Cleanup | Checksum: 262045caf

Time (s): cpu = 00:00:00.78 ; elapsed = 00:00:00.88 . Memory (MB): peak = 2267.000 ; gain = 0.000 ; free physical = 1227 ; free virtual = 5756

Phase 4.3 Placer Reporting
Phase 4.3 Placer Reporting | Checksum: 262045caf

Time (s): cpu = 00:00:00.78 ; elapsed = 00:00:00.88 . Memory (MB): peak = 2267.000 ; gain = 0.000 ; free physical = 1227 ; free virtual = 5756

Phase 4.4 Final Placement Cleanup
Netlist sorting complete. Time (s): cpu = 00:00:00 ; elapsed = 00:00:00 . Memory (MB): peak = 2267.000 ; gain = 0.000 ; free physical = 1227 ; free virtual = 5756
Phase 4.4 Final Placement Cleanup | Checksum: 2af006410

Time (s): cpu = 00:00:00.78 ; elapsed = 00:00:00.89 . Memory (MB): peak = 2267.000 ; gain = 0.000 ; free physical = 1227 ; free virtual = 5756
Phase 4 Post Placement Optimization and Clean-Up | Checksum: 2af006410

Time (s): cpu = 00:00:00.78 ; elapsed = 00:00:00.89 . Memory (MB): peak = 2267.000 ; gain = 0.000 ; free physical = 1227 ; free virtual = 5756
Ending Placer Task | Checksum: 1d8042bb4

Time (s): cpu = 00:00:00.78 ; elapsed = 00:00:00.89 . Memory (MB): peak = 2267.000 ; gain = 0.000 ; free physical = 1227 ; free virtual = 5756
INFO: [Common 17-83] Releasing license: Implementation
18 Infos, 0 Warnings, 0 Critical Warnings and 0 Errors encountered.
place_design completed successfully
INFO: [Common 17-600] The following parameters have non-default value.
general.maxThreads
# phys_opt_design
Command: phys_opt_design
Attempting to get a license for feature 'Implementation' and/or device 'xc7a35t'
INFO: [Common 17-349] Got license for feature 'Implementation' and/or device 'xc7a35t'
INFO: [Vivado_Tcl 4-383] Design worst setup slack (WNS) is greater than or equal to 0.250 ns. Skipping all physical synthesis optimizations.
INFO: [Vivado_Tcl 4-232] No setup violation found. The netlist was not modified.
INFO: [Common 17-83] Releasing license: Implementation
4 Infos, 0 Warnings, 0 Critical Warnings and 0 Errors encountered.
phys_opt_design completed successfully
INFO: [Common 17-600] The following parameters have non-default value.
general.maxThreads
# write_checkpoint -force $outputDir/post_place
Netlist sorting complete. Time (s): cpu = 00:00:00 ; elapsed = 00:00:00 . Memory (MB): peak = 2267.000 ; gain = 0.000 ; free physical = 1200 ; free virtual = 5728
INFO: [Timing 38-480] Writing timing data to binary archive.
Writing placer database...
Writing XDEF routing.
Writing XDEF routing logical nets.
Writing XDEF routing special nets.
Write XDEF Complete: Time (s): cpu = 00:00:00.02 ; elapsed = 00:00:00.02 . Memory (MB): peak = 2278.875 ; gain = 0.000 ; free physical = 1194 ; free virtual = 5724
INFO: [Common 17-1381] The checkpoint '/home/jianq/Documents/FYP/Lab_sessions/demo2/demo2_Output/post_place.dcp' has been generated.
# route_design
Command: route_design
Attempting to get a license for feature 'Implementation' and/or device 'xc7a35t'
INFO: [Common 17-349] Got license for feature 'Implementation' and/or device 'xc7a35t'
Running DRC as a precondition to command route_design
INFO: [Vivado_Tcl 4-198] DRC finished with 0 Errors
INFO: [Vivado_Tcl 4-199] Please refer to the DRC report (report_drc) for more information.


Starting Routing Task
Checksum: PlaceDB: fe76a693 ConstDB: 0 ShapeSum: d98d8521 RouteDB: 0

Phase 1 Build RT Design
Phase 1 Build RT Design | Checksum: bd5508cc

Time (s): cpu = 00:00:11 ; elapsed = 00:00:11 . Memory (MB): peak = 2375.484 ; gain = 89.672 ; free physical = 1075 ; free virtual = 5606
Post Restoration Checksum: NetGraph: 9c3495b9 NumContArr: 21207313 Constraints: 0 Timing: 0

Phase 2 Router Initialization

Phase 2.1 Create Timer
Phase 2.1 Create Timer | Checksum: bd5508cc

Time (s): cpu = 00:00:11 ; elapsed = 00:00:11 . Memory (MB): peak = 2375.484 ; gain = 89.672 ; free physical = 1075 ; free virtual = 5606

Phase 2.2 Fix Topology Constraints
Phase 2.2 Fix Topology Constraints | Checksum: bd5508cc

Time (s): cpu = 00:00:11 ; elapsed = 00:00:11 . Memory (MB): peak = 2379.484 ; gain = 93.672 ; free physical = 1071 ; free virtual = 5602

Phase 2.3 Pre Route Cleanup
Phase 2.3 Pre Route Cleanup | Checksum: bd5508cc

Time (s): cpu = 00:00:11 ; elapsed = 00:00:11 . Memory (MB): peak = 2379.484 ; gain = 93.672 ; free physical = 1071 ; free virtual = 5602
 Number of Nodes with overlaps = 0

Phase 2.4 Update Timing
Phase 2.4 Update Timing | Checksum: df5f04a7

Time (s): cpu = 00:00:11 ; elapsed = 00:00:12 . Memory (MB): peak = 2387.484 ; gain = 101.672 ; free physical = 1062 ; free virtual = 5593
INFO: [Route 35-416] Intermediate Timing Summary | WNS=4.058  | TNS=0.000  | WHS=-0.015 | THS=-0.198 |

Phase 2 Router Initialization | Checksum: fc12c1ca

Time (s): cpu = 00:00:11 ; elapsed = 00:00:12 . Memory (MB): peak = 2387.484 ; gain = 101.672 ; free physical = 1067 ; free virtual = 5598

Router Utilization Summary
  Global Vertical Routing Utilization    = 0.00207287 %
  Global Horizontal Routing Utilization  = 0.00221239 %
  Routable Net Status*
  *Does not include unroutable nets such as driverless and loadless.
  Run report_route_status for detailed report.
  Number of Failed Nets               = 171
    (Failed Nets is the sum of unrouted and partially routed nets)
  Number of Unrouted Nets             = 170
  Number of Partially Routed Nets     = 1
  Number of Node Overlaps             = 0


Phase 3 Initial Routing
Phase 3 Initial Routing | Checksum: 1de176510

Time (s): cpu = 00:00:12 ; elapsed = 00:00:12 . Memory (MB): peak = 2389.484 ; gain = 103.672 ; free physical = 1072 ; free virtual = 5603

Phase 4 Rip-up And Reroute

Phase 4.1 Global Iteration 0
 Number of Nodes with overlaps = 10
 Number of Nodes with overlaps = 0
INFO: [Route 35-416] Intermediate Timing Summary | WNS=3.773  | TNS=0.000  | WHS=N/A    | THS=N/A    |

Phase 4.1 Global Iteration 0 | Checksum: 152d5597c

Time (s): cpu = 00:00:12 ; elapsed = 00:00:12 . Memory (MB): peak = 2389.484 ; gain = 103.672 ; free physical = 1072 ; free virtual = 5603
Phase 4 Rip-up And Reroute | Checksum: 152d5597c

Time (s): cpu = 00:00:12 ; elapsed = 00:00:12 . Memory (MB): peak = 2389.484 ; gain = 103.672 ; free physical = 1072 ; free virtual = 5603

Phase 5 Delay and Skew Optimization

Phase 5.1 Delay CleanUp
Phase 5.1 Delay CleanUp | Checksum: 152d5597c

Time (s): cpu = 00:00:12 ; elapsed = 00:00:12 . Memory (MB): peak = 2389.484 ; gain = 103.672 ; free physical = 1072 ; free virtual = 5603

Phase 5.2 Clock Skew Optimization
Phase 5.2 Clock Skew Optimization | Checksum: 152d5597c

Time (s): cpu = 00:00:12 ; elapsed = 00:00:12 . Memory (MB): peak = 2389.484 ; gain = 103.672 ; free physical = 1072 ; free virtual = 5603
Phase 5 Delay and Skew Optimization | Checksum: 152d5597c

Time (s): cpu = 00:00:12 ; elapsed = 00:00:12 . Memory (MB): peak = 2389.484 ; gain = 103.672 ; free physical = 1072 ; free virtual = 5603

Phase 6 Post Hold Fix

Phase 6.1 Hold Fix Iter

Phase 6.1.1 Update Timing
Phase 6.1.1 Update Timing | Checksum: 13577c119

Time (s): cpu = 00:00:12 ; elapsed = 00:00:12 . Memory (MB): peak = 2389.484 ; gain = 103.672 ; free physical = 1071 ; free virtual = 5602
INFO: [Route 35-416] Intermediate Timing Summary | WNS=3.866  | TNS=0.000  | WHS=0.248  | THS=0.000  |

Phase 6.1 Hold Fix Iter | Checksum: 13577c119

Time (s): cpu = 00:00:12 ; elapsed = 00:00:12 . Memory (MB): peak = 2389.484 ; gain = 103.672 ; free physical = 1071 ; free virtual = 5602
Phase 6 Post Hold Fix | Checksum: 13577c119

Time (s): cpu = 00:00:12 ; elapsed = 00:00:12 . Memory (MB): peak = 2389.484 ; gain = 103.672 ; free physical = 1071 ; free virtual = 5602

Phase 7 Route finalize

Router Utilization Summary
  Global Vertical Routing Utilization    = 0.0538149 %
  Global Horizontal Routing Utilization  = 0.0668922 %
  Routable Net Status*
  *Does not include unroutable nets such as driverless and loadless.
  Run report_route_status for detailed report.
  Number of Failed Nets               = 0
    (Failed Nets is the sum of unrouted and partially routed nets)
  Number of Unrouted Nets             = 0
  Number of Partially Routed Nets     = 0
  Number of Node Overlaps             = 0

Phase 7 Route finalize | Checksum: 13577c119

Time (s): cpu = 00:00:12 ; elapsed = 00:00:12 . Memory (MB): peak = 2389.484 ; gain = 103.672 ; free physical = 1071 ; free virtual = 5602

Phase 8 Verifying routed nets

 Verification completed successfully
Phase 8 Verifying routed nets | Checksum: 13577c119

Time (s): cpu = 00:00:12 ; elapsed = 00:00:12 . Memory (MB): peak = 2389.484 ; gain = 103.672 ; free physical = 1069 ; free virtual = 5600

Phase 9 Depositing Routes
Phase 9 Depositing Routes | Checksum: 1aa802a15

Time (s): cpu = 00:00:12 ; elapsed = 00:00:12 . Memory (MB): peak = 2389.484 ; gain = 103.672 ; free physical = 1069 ; free virtual = 5600

Phase 10 Post Router Timing
INFO: [Route 35-57] Estimated Timing Summary | WNS=3.866  | TNS=0.000  | WHS=0.248  | THS=0.000  |

INFO: [Route 35-327] The final timing numbers are based on the router estimated timing analysis. For a complete and accurate timing signoff, please run report_timing_summary.
Phase 10 Post Router Timing | Checksum: 1aa802a15

Time (s): cpu = 00:00:12 ; elapsed = 00:00:12 . Memory (MB): peak = 2389.484 ; gain = 103.672 ; free physical = 1069 ; free virtual = 5600
INFO: [Route 35-16] Router Completed Successfully

Time (s): cpu = 00:00:12 ; elapsed = 00:00:12 . Memory (MB): peak = 2406.328 ; gain = 120.516 ; free physical = 1075 ; free virtual = 5606

Routing Is Done.
INFO: [Common 17-83] Releasing license: Implementation
10 Infos, 0 Warnings, 0 Critical Warnings and 0 Errors encountered.
route_design completed successfully
route_design: Time (s): cpu = 00:00:12 ; elapsed = 00:00:12 . Memory (MB): peak = 2406.328 ; gain = 127.453 ; free physical = 1075 ; free virtual = 5606
INFO: [Common 17-600] The following parameters have non-default value.
general.maxThreads
# write_checkpoint -force $outputDir/post_route
Netlist sorting complete. Time (s): cpu = 00:00:00 ; elapsed = 00:00:00 . Memory (MB): peak = 2406.328 ; gain = 0.000 ; free physical = 1075 ; free virtual = 5606
INFO: [Timing 38-480] Writing timing data to binary archive.
Writing placer database...
Writing XDEF routing.
Writing XDEF routing logical nets.
Writing XDEF routing special nets.
Write XDEF Complete: Time (s): cpu = 00:00:00.02 ; elapsed = 00:00:00.02 . Memory (MB): peak = 2406.328 ; gain = 0.000 ; free physical = 1072 ; free virtual = 5604
INFO: [Common 17-1381] The checkpoint '/home/jianq/Documents/FYP/Lab_sessions/demo2/demo2_Output/post_route.dcp' has been generated.
# write_verilog -force $outputDir/ass2_impl_netlist.v
# write_xdc -no_fixed_only -force $outputDir/ass2_impl.xdc
# write_bitstream -force $outputDir/demo2.bit
Command: write_bitstream -force ./demo2_Output/demo2.bit
Attempting to get a license for feature 'Implementation' and/or device 'xc7a35t'
INFO: [Common 17-349] Got license for feature 'Implementation' and/or device 'xc7a35t'
Running DRC as a precondition to command write_bitstream
INFO: [IP_Flow 19-234] Refreshing IP repositories
INFO: [IP_Flow 19-1704] No user IP repositories specified
INFO: [IP_Flow 19-2313] Loaded Vivado IP repository '/home/jianq/Vivado/Vivado/2019.1/data/ip'.
WARNING: [DRC CFGBVS-1] Missing CFGBVS and CONFIG_VOLTAGE Design Properties: Neither the CFGBVS nor CONFIG_VOLTAGE voltage property is set in the current_design.  Configuration bank voltage select (CFGBVS) must be set to VCCO or GND, and CONFIG_VOLTAGE must be set to the correct configuration voltage, in order to determine the I/O voltage support for the pins in bank 0.  It is suggested to specify these either using the 'Edit Device Properties' function in the GUI or directly in the XDC file using the following syntax:

 set_property CFGBVS value1 [current_design]
 #where value1 is either VCCO or GND

 set_property CONFIG_VOLTAGE value2 [current_design]
 #where value2 is the voltage provided to configuration bank 0

Refer to the device configuration user guide for more information.
INFO: [Vivado 12-3199] DRC finished with 0 Errors, 1 Warnings
INFO: [Vivado 12-3200] Please refer to the DRC report (report_drc) for more information.
Loading data files...
Loading site data...
Loading route data...
Processing options...
Creating bitmap...
Creating bitstream...
Writing bitstream ./demo2_Output/demo2.bit...
INFO: [Vivado 12-1842] Bitgen Completed Successfully.
INFO: [Project 1-120] WebTalk data collection is mandatory when using a WebPACK part without a full Vivado license. To see the specific WebTalk data collected for your design, open the usage_statistics_webtalk.html or usage_statistics_webtalk.xml file in the implementation directory.
INFO: [Common 17-83] Releasing license: Implementation
9 Infos, 1 Warnings, 0 Critical Warnings and 0 Errors encountered.
write_bitstream completed successfully
write_bitstream: Time (s): cpu = 00:00:08 ; elapsed = 00:00:13 . Memory (MB): peak = 2740.535 ; gain = 334.207 ; free physical = 1037 ; free virtual = 5570
# open_hw
# connect_hw_server
INFO: [Labtools 27-2285] Connecting to hw_server url TCP:localhost:3121
INFO: [Labtools 27-2222] Launching hw_server...
INFO: [Labtools 27-2221] Launch Output:

****** Xilinx hw_server v2019.1
  **** Build date : May 24 2019 at 15:06:40
    ** Copyright 1986-2019 Xilinx, Inc. All Rights Reserved.


# open_hw_target
INFO: [Labtoolstcl 44-466] Opening hw_target localhost:3121/xilinx_tcf/Digilent/210183756824A
# current_hw_device [lindex [get_hw_devices] 0]
# refresh_hw_device -update_hw_probes false [current_hw_device]
INFO: [Labtools 27-1434] Device xc7a35t (JTAG device index = 0) is programmed with a design that has no supported debug core(s) in it.
# set_property PROGRAM.FILE {./demo2_Output/demo2.bit} [lindex [get_hw_devices] 0]
# program_hw_devices [lindex [get_hw_devices] 0]
INFO: [Labtools 27-3164] End of startup status: HIGH
# exit
INFO: [Common 17-206] Exiting Vivado at Fri Nov 10 18:43:41 2023...
